Log file open, 06/04/17 10:41:39
LogInit:Display: Running engine for game: Lewt
LogPlatformFile: Not using cached read wrapper
LogInit:Display: RandInit(-1813409967) SRandInit(-1813409967).
LogTaskGraph: Started task graph with 5 named threads and 8 total threads with 1 sets of task threads.
LogStats: Stats thread started at 0.075567
LogInit: Using libcurl 7.47.1
LogInit:  - built for x86_64-pc-win32
LogInit:  - supports SSL with OpenSSL/1.0.2g
LogInit:  - supports HTTP deflate (compression) using libz 1.2.8
LogInit:  - other features:
LogInit:      CURL_VERSION_SSL
LogInit:      CURL_VERSION_LIBZ
LogInit:      CURL_VERSION_IPV6
LogInit:      CURL_VERSION_ASYNCHDNS
LogInit:      CURL_VERSION_LARGEFILE
LogInit:      CURL_VERSION_IDN
LogInit:  CurlRequestOptions (configurable via config and command line):
LogInit:  - bVerifyPeer = false  - Libcurl will NOT verify peer certificate
LogInit:  - bUseHttpProxy = false  - Libcurl will NOT use HTTP proxy
LogInit:  - bDontReuseConnections = false  - Libcurl will reuse connections
LogInit:  - CertBundlePath = nullptr  - Libcurl will use whatever was configured at build time.
LogInit: Build: ++UE4+Release-4.16-CL-3466753
LogInit: Engine Version: 4.16.1-3466753+++UE4+Release-4.16
LogInit: Compatible Engine Version: 4.16.0-3452394+++UE4+Release-4.16
LogInit: Net CL: 3452394
LogDevObjectVersion: Number of dev versions registered: 16
LogDevObjectVersion:   Dev-Blueprints (B0D832E4-1F89-4F0D-ACCF-7EB736FD4AA2): 9
LogDevObjectVersion:   Dev-Build (E1C64328-A22C-4D53-A36C-8E866417BD8C): 0
LogDevObjectVersion:   Dev-Core (375EC13C-06E4-48FB-B500-84F0262A717E): 2
LogDevObjectVersion:   Dev-Editor (E4B068ED-F494-42E9-A231-DA0B2E46BB41): 17
LogDevObjectVersion:   Dev-Framework (CFFC743F-43B0-4480-9391-14DF171D2073): 23
LogDevObjectVersion:   Dev-Mobile (B02B49B5-BB20-44E9-A304-32B752E40360): 0
LogDevObjectVersion:   Dev-Networking (A4E4105C-59A1-49B5-A7C5-40C4547EDFEE): 0
LogDevObjectVersion:   Dev-Online (39C831C9-5AE6-47DC-9A44-9C173E1C8E7C): 0
LogDevObjectVersion:   Dev-Physics (78F01B33-EBEA-4F98-B9B4-84EACCB95AA2): 0
LogDevObjectVersion:   Dev-Platform (6631380F-2D4D-43E0-8009-CF276956A95A): 0
LogDevObjectVersion:   Dev-Rendering (12F88B9F-8875-4AFC-A67C-D90C383ABD29): 15
LogDevObjectVersion:   Dev-Sequencer (7B5AE74C-D270-4C10-A958-57980B212A5A): 4
LogDevObjectVersion:   Dev-VR (D7296918-1DD6-4BDD-9DE2-64A83CC13884): 0
LogDevObjectVersion:   Dev-LoadTimes (C2A15278-BFE7-4AFE-6C17-90FF531DF755): 1
LogDevObjectVersion:   Private-Geometry (6EACA3D4-40EC-4CC1-B786-8BED09428FC5): 1
LogDevObjectVersion:   Dev-AnimPhys (29E575DD-E0A3-4627-9D10-D276232CDCEA): 3
LogInit: Compiled (64-bit): May 31 2017 02:03:30
LogInit: Compiled with Visual C++: 19.00.24215.01
LogInit: Build Configuration: Development
LogInit: Branch Name: ++UE4+Release-4.16
LogInit: Command line:  
LogInit: Base directory: E:/Unreal/UE_4.16/Engine/Binaries/Win64/
LogInit: Installed Engine Build: 1
LogInit: Presizing for max 8388607 objects, including 0 objects not considered by GC, pre-allocating 0 bytes for permanent pool.
LogInit: Object subsystem initialized
[2017.06.04-14.41.39:816][  0]LogInit: Selected Device Profile: [Windows]
[2017.06.04-14.41.39:816][  0]LogInit: Applying CVar settings loaded from the selected device profile: [Windows]
[2017.06.04-14.41.39:862][  0]LogInit: Computer: DESKTOP-C39FOTP
[2017.06.04-14.41.39:862][  0]LogInit: User: Jeremy
[2017.06.04-14.41.39:862][  0]LogInit: CPU Page size=4096, Cores=4
[2017.06.04-14.41.39:862][  0]LogInit: High frequency timer resolution =3.914067 MHz
[2017.06.04-14.41.39:862][  0]LogMemory: Memory total: Physical=15.9GB (16GB approx)
[2017.06.04-14.41.39:862][  0]LogMemory: Platform Memory Stats for Windows
[2017.06.04-14.41.39:862][  0]LogMemory: Process Physical Memory: 273.45 MB used, 273.45 MB peak
[2017.06.04-14.41.39:862][  0]LogMemory: Process Virtual Memory: 261.15 MB used, 261.15 MB peak
[2017.06.04-14.41.39:862][  0]LogMemory: Physical Memory: 5150.43 MB used,  11145.81 MB free, 16296.23 MB total
[2017.06.04-14.41.39:862][  0]LogMemory: Virtual Memory: 638.33 MB used,  11145.81 MB free, 134217728.00 MB total
[2017.06.04-14.41.40:193][  0]LogInit: Using OS detected language (en-US).
[2017.06.04-14.41.40:193][  0]LogInit: Using OS detected locale (en-US).
[2017.06.04-14.41.40:292][  0]LogTextLocalizationManager: No specific localization for 'en-US' exists, so the 'en' localization will be used.
[2017.06.04-14.41.42:641][  0]LogD3D11RHI: D3D11 adapters:
[2017.06.04-14.41.43:112][  0]LogD3D11RHI:    0. 'NVIDIA GeForce GTX 1070' (Feature Level 11_0)
[2017.06.04-14.41.43:112][  0]LogD3D11RHI:       8119/0/8148 MB DedicatedVideo/DedicatedSystem/SharedSystem, Outputs:1, VendorId:0x10de
[2017.06.04-14.41.43:113][  0]LogD3D11RHI:    1. 'Microsoft Basic Render Driver' (Feature Level 11_0)
[2017.06.04-14.41.43:113][  0]LogD3D11RHI:       0/0/8148 MB DedicatedVideo/DedicatedSystem/SharedSystem, Outputs:0, VendorId:0x1414
[2017.06.04-14.41.43:113][  0]LogD3D11RHI: Chosen D3D11 Adapter: 0
[2017.06.04-14.41.43:116][  0]LogD3D11RHI: Creating new Direct3DDevice
[2017.06.04-14.41.43:116][  0]LogD3D11RHI:     GPU DeviceId: 0x1b81 (for the marketing name, search the web for "GPU Device Id")
[2017.06.04-14.41.43:116][  0]LogWindows: EnumDisplayDevices:
[2017.06.04-14.41.43:116][  0]LogWindows:    0. 'NVIDIA GeForce GTX 1070' (P:1 D:1)
[2017.06.04-14.41.43:117][  0]LogWindows:    1. 'NVIDIA GeForce GTX 1070' (P:0 D:0)
[2017.06.04-14.41.43:117][  0]LogWindows:    2. 'NVIDIA GeForce GTX 1070' (P:0 D:0)
[2017.06.04-14.41.43:117][  0]LogWindows:    3. 'NVIDIA GeForce GTX 1070' (P:0 D:0)
[2017.06.04-14.41.43:117][  0]LogWindows: DebugString: FoundDriverCount:4 
[2017.06.04-14.41.43:117][  0]LogD3D11RHI:     Adapter Name: NVIDIA GeForce GTX 1070
[2017.06.04-14.41.43:117][  0]LogD3D11RHI:   Driver Version: 378.66 (internal:21.21.13.7866, unified:378.66)
[2017.06.04-14.41.43:117][  0]LogD3D11RHI:      Driver Date: 2-9-2017
[2017.06.04-14.41.43:117][  0]LogRHI: Texture pool is 1361 MB (70% of 1945 MB)
[2017.06.04-14.41.43:568][  0]LogD3D11RHI: Async texture creation enabled
[2017.06.04-14.41.43:597][  0]LogD3D11RHI: GPU Timing Frequency: 1000.000000 (Debug: 2 1)
[2017.06.04-14.41.43:642][  0]LogShaderCompilers: Guid format shader working directory is 2 characters bigger than the processId version (C:/Users/Jeremy/Documents/Unreal Projects/Lewt/Intermediate/Shaders/WorkingDirectory/388/).
[2017.06.04-14.41.43:642][  0]LogShaderCompilers: Cleaned the shader compiler working directory 'C:/Users/Jeremy/AppData/Local/Temp/UnrealShaderWorkingDir/FE4586504AD897405030909BBF7B8D5C/'.
[2017.06.04-14.41.43:642][  0]LogShaderCompilers:Display: Using Local Shader Compiler.
[2017.06.04-14.41.46:856][  0]LogTemp:Display: Loaded TP AllDesktopTargetPlatform
[2017.06.04-14.41.46:888][  0]LogTemp:Display: Loaded TP MacClientTargetPlatform
[2017.06.04-14.41.46:921][  0]LogTemp:Display: Loaded TP MacNoEditorTargetPlatform
[2017.06.04-14.41.46:953][  0]LogTemp:Display: Loaded TP MacServerTargetPlatform
[2017.06.04-14.41.47:004][  0]LogTemp:Display: Loaded TP MacTargetPlatform
[2017.06.04-14.41.47:038][  0]LogTemp:Display: Loaded TP WindowsClientTargetPlatform
[2017.06.04-14.41.47:070][  0]LogTemp:Display: Loaded TP WindowsNoEditorTargetPlatform
[2017.06.04-14.41.47:102][  0]LogTemp:Display: Loaded TP WindowsServerTargetPlatform
[2017.06.04-14.41.47:129][  0]LogTemp:Display: Loaded TP WindowsTargetPlatform
[2017.06.04-14.41.47:169][  0]LogTemp:Display: Loaded TP AndroidTargetPlatform
[2017.06.04-14.41.47:202][  0]LogTemp:Display: Loaded TP Android_ASTCTargetPlatform
[2017.06.04-14.41.47:235][  0]LogTemp:Display: Loaded TP Android_ATCTargetPlatform
[2017.06.04-14.41.47:268][  0]LogTemp:Display: Loaded TP Android_DXTTargetPlatform
[2017.06.04-14.41.47:301][  0]LogTemp:Display: Loaded TP Android_ETC1TargetPlatform
[2017.06.04-14.41.47:332][  0]LogTemp:Display: Loaded TP Android_ETC2TargetPlatform
[2017.06.04-14.41.47:393][  0]LogTemp:Display: Loaded TP Android_MultiTargetPlatform
[2017.06.04-14.41.47:393][  0]LogTemp:Display: Loaded TP Android_PVRTCTargetPlatform
[2017.06.04-14.41.47:417][  0]LogTemp:Display: Loaded TP HTML5TargetPlatform
[2017.06.04-14.41.47:540][  0]LogTemp:Display: Loaded TP IOSTargetPlatform
[2017.06.04-14.41.47:558][  0]LogTemp:Display: Loaded TP TVOSTargetPlatform
[2017.06.04-14.41.47:590][  0]LogTemp:Display: Loaded TP LinuxClientTargetPlatform
[2017.06.04-14.41.47:621][  0]LogTemp:Display: Loaded TP LinuxNoEditorTargetPlatform
[2017.06.04-14.41.47:651][  0]LogTemp:Display: Loaded TP LinuxServerTargetPlatform
[2017.06.04-14.41.47:687][  0]LogTemp:Display: Loaded TP LinuxTargetPlatform
[2017.06.04-14.41.47:687][  0]LogTargetPlatformManager:Display: Building Assets For Windows
[2017.06.04-14.41.48:558][  0]LogDerivedDataCache:Display: Max Cache Size: 512 MB
[2017.06.04-14.41.48:633][  0]LogDerivedDataCache: Loaded boot cache 0.07s 90MB C:/Users/Jeremy/AppData/Local/UnrealEngine/4.16/DerivedDataCache/Boot.ddc.
[2017.06.04-14.41.48:633][  0]LogDerivedDataCache:Display: Loaded Boot cache: C:/Users/Jeremy/AppData/Local/UnrealEngine/4.16/DerivedDataCache/Boot.ddc
[2017.06.04-14.41.48:633][  0]LogDerivedDataCache: FDerivedDataBackendGraph:  Pak pak cache file C:/Users/Jeremy/Documents/Unreal Projects/Lewt/DerivedDataCache/DDC.ddp not found, will not use a pak cache.
[2017.06.04-14.41.48:633][  0]LogDerivedDataCache: Unable to find inner node Pak for hierarchical cache Hierarchy.
[2017.06.04-14.41.48:633][  0]LogDerivedDataCache: FDerivedDataBackendGraph:  CompressedPak pak cache file C:/Users/Jeremy/Documents/Unreal Projects/Lewt/DerivedDataCache/Compressed.ddp not found, will not use a pak cache.
[2017.06.04-14.41.48:633][  0]LogDerivedDataCache: Unable to find inner node CompressedPak for hierarchical cache Hierarchy.
[2017.06.04-14.41.48:680][  0]LogDerivedDataCache:Display: Pak cache opened for reading ../../../Engine/DerivedDataCache/Compressed.ddp.
[2017.06.04-14.41.48:692][  0]LogDerivedDataCache: Using Local data cache path C:/Users/Jeremy/AppData/Local/UnrealEngine/Common/DerivedDataCache: Writable
[2017.06.04-14.41.48:699][  0]LogMaterial: Verifying Global Shaders for PCD3D_SM5
[2017.06.04-14.41.48:699][  0]LogSlate: Using Freetype 2.6.0
[2017.06.04-14.41.48:716][  0]LogSlate: SlateFontCache - WITH_FREETYPE: 1, WITH_HARFBUZZ: 1
[2017.06.04-14.41.48:716][  0]LogSlate: SlateFontCache - WITH_FREETYPE: 1, WITH_HARFBUZZ: 1
[2017.06.04-14.41.52:754][  0]LogInit: Selected Device Profile: [Windows]
[2017.06.04-14.41.52:808][  0]LogContentStreaming: Texture pool size is 0.00 MB
[2017.06.04-14.41.53:134][  0]LogMeshUtilities: Using QuadricMeshReduction for automatic static mesh reduction
[2017.06.04-14.41.53:243][  0]LogSimplygon: Simplygon DLL not present - disabling.
[2017.06.04-14.41.53:293][  0]LogMeshUtilities: Using SimplygonSwarm for distributed automatic mesh merging
[2017.06.04-14.41.53:293][  0]LogMeshUtilities: No automatic skeletal mesh reduction module available
[2017.06.04-14.41.53:293][  0]LogMeshUtilities: No automatic mesh merging module available
[2017.06.04-14.41.53:696][  0]LogNetVersion: Lewt , NetCL: 3452394, EngineNetVer: 2, GameNetVer: 0 (Checksum: 3174199374)
[2017.06.04-14.41.53:741][  0]LogAssetRegistry: FAssetRegistry took 0.0239 seconds to start up
[2017.06.04-14.41.53:779][  0]LogPackageLocalizationCache: Processed 4 localized package path(s) for 2 prioritized culture(s) in 0.025513 seconds
[2017.06.04-14.41.53:783][  0]LogUObjectArray: 34194 objects as part of root set at end of initial load.
[2017.06.04-14.41.53:783][  0]LogUObjectAllocator: 7260424 out of 0 bytes used by permanent object pool.
[2017.06.04-14.41.53:783][  0]LogUObjectArray: CloseDisregardForGC: 0/0 objects in disregard for GC pool
[2017.06.04-14.41.53:817][  0]LogInit: WinSock: version 1.1 (2.2), MaxSocks=32767, MaxUdp=65467
[2017.06.04-14.41.55:465][  0]LogTcpMessaging: Initializing TcpMessaging bridge
[2017.06.04-14.41.55:494][  0]LogUdpMessaging: Initializing bridge on interface 0.0.0.0:0 to multicast group 230.0.0.1:6666.
[2017.06.04-14.41.55:840][  0]LogMaterial: Uniform references updated for custom material expression Custom.
[2017.06.04-14.41.56:094][  0]SourceControl: Info Source control is disabled
[2017.06.04-14.41.56:095][  0]SourceControl: Info Source control is disabled
[2017.06.04-14.41.56:125][  0]SourceControl: Info Source control is disabled
[2017.06.04-14.41.56:155][  0]SourceControl: Info Source control is disabled
[2017.06.04-14.41.56:571][  0]LogAndroidPermission: UAndroidPermissionCallbackProxy::GetInstance
[2017.06.04-14.41.56:954][  0]LogEngine: Initializing Engine...
[2017.06.04-14.42.02:101][  0]LogHMD: Failed to initialize OpenVR with code 108
[2017.06.04-14.42.02:248][  0]LogStats: UGameplayTagsManager::ConstructGameplayTagTree: Construct from data asset -  0.000 s
[2017.06.04-14.42.02:248][  0]LogStats: UGameplayTagsManager::ConstructGameplayTagTree: GameplayTagTreeChangedEvent.Broadcast -  0.000 s
[2017.06.04-14.42.02:329][  0]LogAIModule: Creating AISystem for world Untitled
[2017.06.04-14.42.02:344][  0]LogInit: XAudio2 using 'Speakers (Realtek High Definition Audio)' : 6 channels at 48 kHz using 32 bits per sample (channel mask 0x3f)
[2017.06.04-14.42.02:366][  0]LogInit: FAudioDevice initialized.
[2017.06.04-14.42.02:397][  0]LogDerivedDataCache: Saved boot cache 0.03s 90MB C:/Users/Jeremy/AppData/Local/UnrealEngine/4.16/DerivedDataCache/Boot.ddc.
[2017.06.04-14.42.02:410][  0]LogInit: Texture streaming: Enabled
[2017.06.04-14.42.02:459][  0]LogEngineSessionManager: EngineSessionManager initialized
[2017.06.04-14.42.02:592][  0]LogInit: Transaction tracking system initialized
[2017.06.04-14.42.02:779][  0]BlueprintLog: New page: Editor Load
[2017.06.04-14.42.03:355][  0]LocalizationService: Info Localization service is disabled
[2017.06.04-14.42.03:788][  0]LogConsoleResponse:Display: 
[2017.06.04-14.42.03:888][  0]LogCook:Display: Max memory allowance for cook 16384mb min free memory 0mb
[2017.06.04-14.42.03:888][  0]LogCook:Display: Mobile HDR setting 1
[2017.06.04-14.42.04:485][  0]LogFileCache: Scanning file cache for directory 'C:/Users/Jeremy/Documents/Unreal Projects/Lewt/Content/' took 0.01s
[2017.06.04-14.42.04:513][  0]SourceControl: Info Source control is disabled
[2017.06.04-14.42.04:513][  0]Cmd: MAP LOAD FILE="C:/Users/Jeremy/Documents/Unreal Projects/Lewt/Content/SideScrollerBP/Maps/SideScrollerExampleMap.umap" TEMPLATE=0 SHOWPROGRESS=1 FEATURELEVEL=3
[2017.06.04-14.42.04:513][  0]LightingResults: New page: Lighting Build
[2017.06.04-14.42.04:537][  0]MapCheck: New page: Map Check
[2017.06.04-14.42.04:537][  0]LightingResults: New page: Lighting Build
[2017.06.04-14.42.04:798][  0]LogAIModule: Creating AISystem for world SideScrollerExampleMap
[2017.06.04-14.42.04:817][  0]LogEditorServer: Finished looking for orphan Actors (0.000 secs)
[2017.06.04-14.42.04:827][  0]Cmd: MAP CHECKDEP NOCLEARLOG
[2017.06.04-14.42.04:867][  0]MapCheck: Info Map check complete: 0 Error(s), 0 Warning(s), took 40.795ms to complete.
[2017.06.04-14.42.04:867][  0]LogFileHelpers: Loading map 'SideScrollerExampleMap' took 0.354
[2017.06.04-14.42.05:013][  0]LogCollectionManager: Loaded 0 collections in 0.000683 seconds
[2017.06.04-14.42.05:073][  0]LogFileCache: Scanning file cache for directory 'C:/Users/Jeremy/Documents/Unreal Projects/Lewt/Saved/Collections/' took 0.01s
[2017.06.04-14.42.05:073][  0]LogFileCache: Scanning file cache for directory 'C:/Users/Jeremy/Documents/Unreal Projects/Lewt/Content/Developers/Jeremy/Collections/' took 0.01s
[2017.06.04-14.42.05:073][  0]LogFileCache: Scanning file cache for directory 'C:/Users/Jeremy/Documents/Unreal Projects/Lewt/Content/Collections/' took 0.01s
[2017.06.04-14.42.05:073][  0]LogCollectionManager: Rebuilt the GUID cache for 0 collections in 0.000002 seconds
[2017.06.04-14.42.05:080][  0]LogContentBrowser: Native class hierarchy populated in 0.0064 seconds. Added 2329 classes and 491 folders.
[2017.06.04-14.42.05:117][  0]LogContentBrowser: Native class hierarchy updated for 'WidgetCarousel' in 0.0004 seconds. Added 0 classes and 0 folders.
[2017.06.04-14.42.05:153][  0]LogContentBrowser: Native class hierarchy updated for 'AddContentDialog' in 0.0004 seconds. Added 0 classes and 0 folders.
[2017.06.04-14.42.05:196][  0]LogContentBrowser: Native class hierarchy updated for 'SceneOutliner' in 0.0004 seconds. Added 1 classes and 2 folders.
[2017.06.04-14.42.05:220][  0]LogCrashTracker: Crashtracker disabled due to settings.
[2017.06.04-14.42.05:223][  0]LogSlate: Took 0.000159 seconds to synchronously load lazily loaded font '../../../Engine/Content/Slate/Fonts/Roboto-Regular.ttf' (155K)
[2017.06.04-14.42.05:224][  0]LogSlate: Took 0.000234 seconds to synchronously load lazily loaded font '../../../Engine/Content/Slate/Fonts/Roboto-Bold.ttf' (160K)
[2017.06.04-14.42.05:227][  0]LogSlate: Took 0.000207 seconds to synchronously load lazily loaded font '../../../Engine/Content/Editor/Slate/Fonts/FontAwesome.ttf' (139K)
[2017.06.04-14.42.05:296][  0]LogRenderer: Reallocating scene render targets to support 1616x808 NumSamples 1 (Frame:1).
[2017.06.04-14.42.05:432][  0]LogContentBrowser: Native class hierarchy updated for 'HierarchicalLODOutliner' in 0.0004 seconds. Added 1 classes and 2 folders.
[2017.06.04-14.42.05:432][  0]LogLoad: (Engine Initialization) Total time: 28.13 seconds
[2017.06.04-14.42.05:432][  0]LogLoad: (Engine Initialization) Total Blueprint compile time: 0.08 seconds
[2017.06.04-14.42.05:432][  0]LogExternalProfiler: No external profilers were discovered.  External profiling features will not be available.
[2017.06.04-14.42.05:771][  0]LogOcInput: OculusInput pre-init called
[2017.06.04-14.42.05:771][  0]LogHMD: Starting GearVRController plugin
[2017.06.04-14.42.05:782][  0]LogAssetRegistry: Asset discovery search completed in 12.0618 seconds
[2017.06.04-14.42.05:783][  0]LogCollectionManager: Rebuilt the object cache for 0 collections in 0.000001 seconds (found 0 objects)
[2017.06.04-14.42.05:783][  0]LogCollectionManager: Fixed up redirectors for 0 collections in 0.000022 seconds (updated 0 objects)
[2017.06.04-14.42.05:785][  0]LogContentStreaming: Texture pool size now 1000 MB
[2017.06.04-14.42.27:190][452]LogSlate: Took 0.000160 seconds to synchronously load lazily loaded font '../../../Engine/Content/Slate/Fonts/Roboto-Light.ttf' (159K)
[2017.06.04-14.42.29:613][730]Cmd: MAP LOAD FILE="C:/Users/Jeremy/Documents/Unreal Projects/Lewt/Content/SideScrollerBP/Maps/TestMap.umap" TEMPLATE=0 SHOWPROGRESS=1 FEATURELEVEL=3
[2017.06.04-14.42.29:617][730]LogSlate: Took 0.000155 seconds to synchronously load lazily loaded font '../../../Engine/Content/Slate/Fonts/Roboto-Light.ttf' (159K)
[2017.06.04-14.42.29:622][730]LightingResults: New page: Lighting Build
[2017.06.04-14.42.29:622][730]LoadErrors: New page: Loading map: TestMap.umap
[2017.06.04-14.42.29:624][730]MapCheck: New page: Map Check
[2017.06.04-14.42.29:624][730]LightingResults: New page: Lighting Build
[2017.06.04-14.42.29:741][730]LogAIModule: Creating AISystem for world TestMap
[2017.06.04-14.42.29:848][730]LogEditorServer: Finished looking for orphan Actors (0.000 secs)
[2017.06.04-14.42.29:883][730]Cmd: MAP CHECKDEP NOCLEARLOG
[2017.06.04-14.42.29:924][730]MapCheck: Info Map check complete: 0 Error(s), 0 Warning(s), took 40.67ms to complete.
[2017.06.04-14.42.29:924][730]LogFileHelpers: Loading map 'TestMap' took 0.329
[2017.06.04-14.42.35:681][363]MapCheck: New page: Map Check
[2017.06.04-14.42.35:828][363]Cmd: MAP REBUILD ALLVISIBLE
[2017.06.04-14.42.35:828][363]LogEditorServer: Rebuildmap Clear paths rebuilt
[2017.06.04-14.42.36:098][363]LogMaterial: Missing cached shader map for material FDebugViewModeMaterialProxy WorldGridMaterial, compiling. Is special engine material.
[2017.06.04-14.42.37:528][363]TextureStreamingBuild:Display: Compiling optional shaders took 1.438 seconds.
[2017.06.04-14.42.37:571][363]LogLevel:Display: Export Material TexCoord Scales took 0.043 seconds.
[2017.06.04-14.42.37:585][363]TextureStreamingBuild:Display: Build Texture Streaming took 0.002 seconds.
[2017.06.04-14.42.37:654][363]LightingResults: New page: Lighting Build - Jun 4, 2017, 6:42:37 AM
[2017.06.04-14.42.37:880][363]LogSwarmInterface: [OpenConnection] Registering TCP channel ...
[2017.06.04-14.42.38:028][363]LogSwarmInterface: [OpenConnection] Connecting to agent ...
[2017.06.04-14.42.38:046][363]LogSwarmInterface: [TryOpenConnection] Testing the Agent
[2017.06.04-14.42.38:574][363]LogSwarmInterface: [TryOpenConnection] Opening Connection to Agent
[2017.06.04-14.42.38:574][363]LogSwarmInterface: [TryOpenConnection] Local Process ID is 388
[2017.06.04-14.42.41:215][363]LogStaticLightingSystem:Warning: No importance volume found, so the scene bounding box was used.  You can optimize your scene's quality and lighting build times by adding importance volumes.
[2017.06.04-14.42.41:230][363]LogStaticLightingSystem: Running Lightmass w/ ImmediateImport mode ENABLED
[2017.06.04-14.42.41:230][363]LogStaticLightingSystem: Running Lightmass w/ ImmediateProcess mode ENABLED
[2017.06.04-14.42.41:230][363]LogStaticLightingSystem: Running Lightmass w/ Sorting mode ENABLED
[2017.06.04-14.42.41:230][363]LogStaticLightingSystem: Running Lightmass w/ Mapping paddings ENABLED
[2017.06.04-14.42.41:230][363]LogStaticLightingSystem: Running Lightmass w/ Mapping debug paddings DISABLED
[2017.06.04-14.42.41:373][363]Cmd: MAP CHECK DONTDISPLAYDIALOG
[2017.06.04-14.42.41:373][363]MapCheck: New page: TestMap - Jun 4, 2017, 6:42:41 AM
[2017.06.04-14.42.41:443][363]MapCheck: Info Map check complete: 0 Error(s), 0 Warning(s), took 70.474ms to complete.
[2017.06.04-14.42.41:465][363]LogEditorBuildUtils: Build time 0:05
[2017.06.04-14.42.41:490][363]LogMaterial: Missing cached shader map for material FLightmassMaterialRenderer WorldGridMaterial, compiling. Is special engine material.
[2017.06.04-14.42.41:521][363]LogMaterial: Missing cached shader map for material FLightmassMaterialRenderer WorldGridMaterial, compiling. Is special engine material.
[2017.06.04-14.42.44:140][467]LogSlate: Took 0.000232 seconds to synchronously load lazily loaded font '../../../Engine/Content/Slate/Fonts/Roboto-Light.ttf' (159K)
[2017.06.04-14.42.44:907][541]Job is a success!
[2017.06.04-14.43.19:161][442]LogEditorViewport: Clicking Background
[2017.06.04-14.43.26:999][359]LogActorFactory: Actor Factory created Cube
[2017.06.04-14.43.28:253][500]LogActorFactory: Actor Factory created Cube
[2017.06.04-14.43.28:947][503]LogEditorViewport: Clicking on Actor (LMB): StaticMeshActor (Cube)
[2017.06.04-14.43.32:247][880]Cmd: DELETE
[2017.06.04-14.43.32:247][880]Cmd: ACTOR DELETE
[2017.06.04-14.43.32:510][880]LogEditorActor: Deleted Actor: StaticMeshActor
[2017.06.04-14.43.32:518][880]LogEditorActor: Deleted 1 Actors (0.014 secs)
[2017.06.04-14.44.24:584][275]LogContentBrowser: Native class hierarchy updated for 'BlueprintGraph' in 0.0007 seconds. Added 112 classes and 0 folders.
[2017.06.04-14.44.25:436][275]LogSlate: Took 0.000165 seconds to synchronously load lazily loaded font '../../../Engine/Content/Slate/Fonts/Roboto-Regular.ttf' (155K)
[2017.06.04-14.44.27:230][375]LogSlate: Took 0.017888 seconds to synchronously load lazily loaded font '../../../Engine/Content/Editor/Slate/Fonts/Roboto-Italic.ttf' (157K)
[2017.06.04-14.45.03:915][204]LogSlate: Took 0.030620 seconds to synchronously load lazily loaded font '../../../Engine/Content/Editor/Slate/Fonts/Roboto-BoldCondensed.ttf' (158K)
[2017.06.04-14.45.42:000][886]LogObjectTools:Warning: ForceReplaceReferences replaced references for a transient object 'UserConstructionScript' or package '/Engine/Transient'.
[2017.06.04-14.45.42:000][886]LogObjectTools:Warning: ForceReplaceReferences replaced references for a transient object 'DEADCLASS_BasicAI_C_1' or package '/Engine/Transient'.
[2017.06.04-14.45.42:021][886]LogObjectTools:Warning: ForceReplaceReferences replaced references for a transient object 'DefaultSceneRoot_GEN_VARIABLE' or package '/Engine/Transient'.
[2017.06.04-14.45.42:021][886]LogObjectTools:Warning: ForceReplaceReferences replaced references for a transient object 'SimpleConstructionScript_0' or package '/Engine/Transient'.
[2017.06.04-14.45.42:021][886]LogObjectTools:Warning: ForceReplaceReferences replaced references for a transient object 'DEADCLASS_BasicAI_C_0' or package '/Engine/Transient'.
[2017.06.04-14.45.42:021][886]LogObjectTools:Warning: ForceReplaceReferences replaced references for a transient object 'Cube_GEN_VARIABLE' or package '/Engine/Transient'.
[2017.06.04-14.45.42:021][886]LogObjectTools:Warning: ForceReplaceReferences replaced references for a transient object 'REINST_SKEL_BasicAI_C_37' or package '/Engine/Transient'.
[2017.06.04-14.45.42:021][886]LogObjectTools:Warning: ForceReplaceReferences replaced references for a transient object 'REINST_SKEL_BasicAI_C_40' or package '/Engine/Transient'.
[2017.06.04-14.45.42:021][886]LogObjectTools:Warning: ForceReplaceReferences replaced references for a transient object 'REINST_BasicAI_C_39' or package '/Engine/Transient'.
[2017.06.04-14.46.15:818][289]LogMetaData: Removing '/Game/SideScrollerBP/Blueprints/BasicAI.BasicAI:UserConstructionScript.K2Node_FunctionEntry_0' ref from Metadata '/Game/SideScrollerBP/Blueprints/NewBlueprint.PackageMetaData'
[2017.06.04-14.46.15:818][289]LogMetaData: Removing '/Game/SideScrollerBP/Blueprints/BasicAI.SKEL_BasicAI_C' ref from Metadata '/Game/SideScrollerBP/Blueprints/NewBlueprint.PackageMetaData'
[2017.06.04-14.46.15:818][289]LogMetaData: Removing '/Game/SideScrollerBP/Blueprints/BasicAI.BasicAI_C' ref from Metadata '/Game/SideScrollerBP/Blueprints/NewBlueprint.PackageMetaData'
[2017.06.04-14.46.15:818][289]LogMetaData: Removing '/Game/SideScrollerBP/Blueprints/BasicAI.BasicAI:EventGraph.K2Node_Event_0' ref from Metadata '/Game/SideScrollerBP/Blueprints/NewBlueprint.PackageMetaData'
[2017.06.04-14.46.15:818][289]LogMetaData: Removing '/Game/SideScrollerBP/Blueprints/BasicAI.BasicAI:EventGraph.K2Node_Event_1' ref from Metadata '/Game/SideScrollerBP/Blueprints/NewBlueprint.PackageMetaData'
[2017.06.04-14.46.15:818][289]LogMetaData: Removing '/Game/SideScrollerBP/Blueprints/BasicAI.BasicAI:EventGraph.K2Node_Event_2' ref from Metadata '/Game/SideScrollerBP/Blueprints/NewBlueprint.PackageMetaData'
[2017.06.04-14.46.15:829][289]Cmd: OBJ SAVEPACKAGE PACKAGE="/Game/SideScrollerBP/Blueprints/BasicAI" FILE="C:/Users/Jeremy/Documents/Unreal Projects/Lewt/Content/SideScrollerBP/Blueprints/BasicAI.uasset" SILENT=true
[2017.06.04-14.46.15:853][289]LogSavePackage: Save=22.97ms
[2017.06.04-14.46.15:853][289]LogSavePackage: Moving 'C:/Users/Jeremy/Documents/Unreal Projects/Lewt/Saved/BasicAICBDE2F034310E4DB7646DF9059CE958E.tmp' to 'C:/Users/Jeremy/Documents/Unreal Projects/Lewt/Content/SideScrollerBP/Blueprints/BasicAI.uasset'
[2017.06.04-14.46.15:854][289]LogSavePackage:Display: Finished SavePackage C:/Users/Jeremy/Documents/Unreal Projects/Lewt/Content/SideScrollerBP/Blueprints/BasicAI.uasset
[2017.06.04-14.47.49:519][223]BlueprintLog: New page: Compile BasicAI
[2017.06.04-14.49.28:036][721]LogTexture:Display: Building textures: LQ_Lightmap_1_1 (DXT1, 1024X1024)
[2017.06.04-14.49.28:036][721]LogTexture:Display: Building textures: HQ_Lightmap1_1 (AutoDXT, 1024X1024)
[2017.06.04-14.49.28:036][721]LogTexture:Display: Building textures: ShadowMapTexture2D_0 (G8, 256X512)
[2017.06.04-14.49.28:053][721]Lightmass on DESKTOP-C39FOTP: 6:44 min total, 74 ms importing, 14 ms setup, 567 ms photons, 6:44 min processing, 0 ms extra exporting [46/46 mappings]. Threads: 47:09 min total, 6.23 sec processing.
[2017.06.04-14.49.28:078][721]LogStaticLightingSystem: Illumination: 7.78 sec (174 ms encoding lightmaps, 25 ms encoding shadowmaps)
[2017.06.04-14.49.28:078][721]LogStaticLightingSystem: Lightmap texture memory:  2.0 MB (0.0 MB streaming, 2.0 MB non-streaming), 2 textures
[2017.06.04-14.49.28:078][721]LogStaticLightingSystem: Shadowmap texture memory: 0.2 MB (0.0 MB streaming, 0.2 MB non-streaming), 1 textures
[2017.06.04-14.49.28:229][721]DumpUnbuiltLightIteractions
[2017.06.04-14.49.28:229][721]Lights with unbuilt interactions: 0
[2017.06.04-14.49.28:229][721]
[2017.06.04-14.49.28:229][721]Primitives with unbuilt interactions: 0
[2017.06.04-14.49.28:255][722]Cmd: MAP CHECK NOTIFYRESULTS
[2017.06.04-14.49.28:255][722]MapCheck: New page: TestMap - Jun 4, 2017, 6:49:28 AM
[2017.06.04-14.49.28:303][722]MapCheck: Info Map check complete: 0 Error(s), 0 Warning(s), took 48.084ms to complete.
[2017.06.04-14.49.46:836][900]Cmd: OBJ SAVEPACKAGE PACKAGE="/Game/SideScrollerBP/Maps/TestMap" FILE="C:/Users/Jeremy/Documents/Unreal Projects/Lewt/Content/SideScrollerBP/Maps/TestMap.umap" SILENT=true AUTOSAVING=false KEEPDIRTY=false
[2017.06.04-14.49.46:886][900]LogSavePackage: Save=27.46ms
[2017.06.04-14.49.46:886][900]LogSavePackage: Moving 'C:/Users/Jeremy/Documents/Unreal Projects/Lewt/Saved/TestMap963A77CF445578C5DFDE27BA0B469627.tmp' to 'C:/Users/Jeremy/Documents/Unreal Projects/Lewt/Content/SideScrollerBP/Maps/TestMap.umap'
[2017.06.04-14.49.46:887][900]LogSavePackage:Display: Finished SavePackage C:/Users/Jeremy/Documents/Unreal Projects/Lewt/Content/SideScrollerBP/Maps/TestMap.umap
[2017.06.04-14.49.46:902][900]LogFileHelpers: Saving map 'TestMap' took 0.114
[2017.06.04-14.49.46:904][900]Cmd: OBJ SAVEPACKAGE PACKAGE="/Game/SideScrollerBP/Maps/TestMap_BuiltData" FILE="C:/Users/Jeremy/Documents/Unreal Projects/Lewt/Content/SideScrollerBP/Maps/TestMap_BuiltData.uasset" SILENT=true
[2017.06.04-14.49.46:940][900]LogSavePackage: Save=32.47ms
[2017.06.04-14.49.46:941][900]LogSavePackage: Moving 'C:/Users/Jeremy/Documents/Unreal Projects/Lewt/Saved/TestMap_BuiltData8B85D440478E6300DCB38FA5CA264D32.tmp' to 'C:/Users/Jeremy/Documents/Unreal Projects/Lewt/Content/SideScrollerBP/Maps/TestMap_BuiltData.uasset'
[2017.06.04-14.49.46:942][900]LogSavePackage:Display: Finished SavePackage C:/Users/Jeremy/Documents/Unreal Projects/Lewt/Content/SideScrollerBP/Maps/TestMap_BuiltData.uasset
[2017.06.04-14.49.46:952][900]Cmd: OBJ SAVEPACKAGE PACKAGE="/Game/SideScrollerBP/Blueprints/BasicAI" FILE="C:/Users/Jeremy/Documents/Unreal Projects/Lewt/Content/SideScrollerBP/Blueprints/BasicAI.uasset" SILENT=true
[2017.06.04-14.49.46:971][900]LogSavePackage: Save=14.14ms
[2017.06.04-14.49.46:971][900]LogSavePackage: Moving 'C:/Users/Jeremy/Documents/Unreal Projects/Lewt/Saved/BasicAI6215746247A5837BBC11CB843D1D75EA.tmp' to 'C:/Users/Jeremy/Documents/Unreal Projects/Lewt/Content/SideScrollerBP/Blueprints/BasicAI.uasset'
[2017.06.04-14.49.46:973][900]LogSavePackage:Display: Finished SavePackage C:/Users/Jeremy/Documents/Unreal Projects/Lewt/Content/SideScrollerBP/Blueprints/BasicAI.uasset
[2017.06.04-14.49.51:755][467]LogWindowsTextInputMethodSystem:Display: IME system now deactivated.
[2017.06.04-14.49.51:912][468]Cmd: QUIT_EDITOR
[2017.06.04-14.49.51:930][468]LogExit: Preparing to exit.
[2017.06.04-14.49.52:703][468]LogExit: Editor shut down
[2017.06.04-14.49.52:707][468]LogExit: Transaction tracking system shut down
[2017.06.04-14.49.52:779][468]LogObj: Freed 0b from 0 cluster array pools.
[2017.06.04-14.49.52:779][468]LogExit: Object subsystem successfully closed.
[2017.06.04-14.49.52:806][468]LogD3D11RHI: Shutdown
[2017.06.04-14.49.52:806][468]LogD3D11RHI: CleanupD3DDevice
[2017.06.04-14.49.52:888][468]LogD3D11RHI: ~FD3D11DynamicRHI
[2017.06.04-14.49.52:902][468]LogModuleManager: Shutting down and abandoning module BlueprintGraph (530)
[2017.06.04-14.49.52:902][468]LogModuleManager: Shutting down and abandoning module BlueprintProfiler (528)
[2017.06.04-14.49.52:910][468]LogModuleManager: Shutting down and abandoning module HierarchicalLODUtilities (526)
[2017.06.04-14.49.52:910][468]LogModuleManager: Shutting down and abandoning module HierarchicalLODOutliner (524)
[2017.06.04-14.49.52:910][468]LogModuleManager: Shutting down and abandoning module CrashTracker (522)
[2017.06.04-14.49.52:910][468]LogModuleManager: Shutting down and abandoning module SceneOutliner (520)
[2017.06.04-14.49.52:910][468]LogModuleManager: Shutting down and abandoning module AddContentDialog (518)
[2017.06.04-14.49.52:910][468]LogDirectoryWatcher: A directory notification for 'E:/Unreal/UE_4.16/FeaturePacks/' was aborted.
[2017.06.04-14.49.52:911][468]LogModuleManager: Shutting down and abandoning module WidgetCarousel (517)
[2017.06.04-14.49.52:911][468]LogModuleManager: Shutting down and abandoning module EditorWidgets (514)
[2017.06.04-14.49.52:911][468]LogModuleManager: Shutting down and abandoning module CollectionManager (512)
[2017.06.04-14.49.52:911][468]LogDirectoryWatcher: A directory notification for 'C:/Users/Jeremy/Documents/Unreal Projects/Lewt/Content/Collections/' was aborted.
[2017.06.04-14.49.52:911][468]LogDirectoryWatcher: A directory notification for 'C:/Users/Jeremy/Documents/Unreal Projects/Lewt/Content/Developers/Jeremy/Collections/' was aborted.
[2017.06.04-14.49.52:911][468]LogDirectoryWatcher: A directory notification for 'C:/Users/Jeremy/Documents/Unreal Projects/Lewt/Saved/Collections/' was aborted.
[2017.06.04-14.49.52:911][468]LogModuleManager: Shutting down and abandoning module StatsViewer (510)
[2017.06.04-14.49.52:911][468]LogModuleManager: Shutting down and abandoning module FoliageEdit (508)
[2017.06.04-14.49.52:911][468]LogModuleManager: Shutting down and abandoning module LandscapeEditor (506)
[2017.06.04-14.49.52:911][468]LogModuleManager: Shutting down and abandoning module MeshPaintMode (504)
[2017.06.04-14.49.52:911][468]LogModuleManager: Shutting down and abandoning module SceneDepthPickerMode (502)
[2017.06.04-14.49.52:911][468]LogModuleManager: Shutting down and abandoning module ActorPickerMode (500)
[2017.06.04-14.49.52:911][468]LogModuleManager: Shutting down and abandoning module GeometryMode (498)
[2017.06.04-14.49.52:911][468]LogModuleManager: Shutting down and abandoning module TextureAlignMode (496)
[2017.06.04-14.49.52:911][468]LogModuleManager: Shutting down and abandoning module BspMode (494)
[2017.06.04-14.49.52:911][468]LogModuleManager: Shutting down and abandoning module HardwareSurvey (492)
[2017.06.04-14.49.52:911][468]LogModuleManager: Shutting down and abandoning module SequenceRecorderSections (490)
[2017.06.04-14.49.52:911][468]LogModuleManager: Shutting down and abandoning module AutomationWorker (488)
[2017.06.04-14.49.52:911][468]LogModuleManager: Shutting down and abandoning module MatineeToLevelSequence (486)
[2017.06.04-14.49.52:911][468]LogModuleManager: Shutting down and abandoning module LevelSequenceEditor (484)
[2017.06.04-14.49.52:911][468]LogModuleManager: Shutting down and abandoning module PlacementMode (483)
[2017.06.04-14.49.52:911][468]LogModuleManager: Shutting down and abandoning module WmfMediaFactory (480)
[2017.06.04-14.49.52:911][468]LogModuleManager: Shutting down and abandoning module WmfMediaEditor (478)
[2017.06.04-14.49.52:911][468]LogModuleManager: Shutting down and abandoning module AvfMediaFactory (476)
[2017.06.04-14.49.52:911][468]LogModuleManager: Shutting down and abandoning module AvfMediaEditor (474)
[2017.06.04-14.49.52:911][468]LogModuleManager: Shutting down and abandoning module AndroidMediaFactory (472)
[2017.06.04-14.49.52:911][468]LogModuleManager: Shutting down and abandoning module Media (471)
[2017.06.04-14.49.52:911][468]LogModuleManager: Shutting down and abandoning module AndroidMediaEditor (468)
[2017.06.04-14.49.52:911][468]LogModuleManager: Shutting down and abandoning module CharacterAI (466)
[2017.06.04-14.49.52:911][468]LogModuleManager: Shutting down and abandoning module AudioCapture (464)
[2017.06.04-14.49.52:911][468]LogModuleManager: Shutting down and abandoning module SequenceRecorder (463)
[2017.06.04-14.49.52:911][468]LogModuleManager: Shutting down and abandoning module SmartSnapping (460)
[2017.06.04-14.49.52:911][468]LogModuleManager: Shutting down and abandoning module SessionServices (458)
[2017.06.04-14.49.52:911][468]LogModuleManager: Shutting down and abandoning module ViewportSnapping (456)
[2017.06.04-14.49.52:911][468]LogModuleManager: Shutting down and abandoning module ViewportInteraction (454)
[2017.06.04-14.49.52:911][468]LogModuleManager: Shutting down and abandoning module ClothPainter (452)
[2017.06.04-14.49.52:911][468]LogModuleManager: Shutting down and abandoning module LogVisualizer (450)
[2017.06.04-14.49.52:911][468]LogModuleManager: Shutting down and abandoning module IntroTutorials (448)
[2017.06.04-14.49.52:911][468]LogModuleManager: Shutting down and abandoning module GameProjectGeneration (447)
[2017.06.04-14.49.52:911][468]LogModuleManager: Shutting down and abandoning module EditorLiveStreaming (444)
[2017.06.04-14.49.52:911][468]LogModuleManager: Shutting down and abandoning module IOSPlatformEditor (442)
[2017.06.04-14.49.52:911][468]LogModuleManager: Shutting down and abandoning module HTML5PlatformEditor (440)
[2017.06.04-14.49.52:911][468]LogModuleManager: Shutting down and abandoning module AndroidPlatformEditor (438)
[2017.06.04-14.49.52:911][468]LogModuleManager: Shutting down and abandoning module AndroidDeviceDetection (437)
[2017.06.04-14.49.53:652][468]LogModuleManager: Shutting down and abandoning module IOSRuntimeSettings (434)
[2017.06.04-14.49.53:652][468]LogModuleManager: Shutting down and abandoning module AndroidRuntimeSettings (432)
[2017.06.04-14.49.53:652][468]LogModuleManager: Shutting down and abandoning module InputBindingEditor (430)
[2017.06.04-14.49.53:652][468]LogModuleManager: Shutting down and abandoning module MergeActors (428)
[2017.06.04-14.49.53:652][468]LogModuleManager: Shutting down and abandoning module SizeMap (426)
[2017.06.04-14.49.53:652][468]LogModuleManager: Shutting down and abandoning module TreeMap (424)
[2017.06.04-14.49.53:652][468]LogModuleManager: Shutting down and abandoning module ReferenceViewer (422)
[2017.06.04-14.49.53:652][468]LogModuleManager: Shutting down and abandoning module LocalizationDashboard (420)
[2017.06.04-14.49.53:652][468]LogModuleManager: Shutting down and abandoning module LocalizationService (419)
[2017.06.04-14.49.53:652][468]LogModuleManager: Shutting down and abandoning module HardwareTargeting (416)
[2017.06.04-14.49.53:652][468]LogModuleManager: Shutting down and abandoning module DeviceProfileEditor (414)
[2017.06.04-14.49.53:652][468]LogModuleManager: Shutting down and abandoning module UndoHistory (412)
[2017.06.04-14.49.53:652][468]LogModuleManager: Shutting down and abandoning module UserFeedback (410)
[2017.06.04-14.49.53:652][468]LogModuleManager: Shutting down and abandoning module XmlParser (408)
[2017.06.04-14.49.53:652][468]LogModuleManager: Shutting down and abandoning module Blutility (406)
[2017.06.04-14.49.53:652][468]LogModuleManager: Shutting down and abandoning module ProjectSettingsViewer (404)
[2017.06.04-14.49.53:652][468]LogModuleManager: Shutting down and abandoning module ProjectTargetPlatformEditor (403)
[2017.06.04-14.49.53:652][468]LogModuleManager: Shutting down and abandoning module EditorSettingsViewer (400)
[2017.06.04-14.49.53:652][468]LogModuleManager: Shutting down and abandoning module SettingsEditor (398)
[2017.06.04-14.49.53:652][468]LogModuleManager: Shutting down and abandoning module ProjectLauncher (396)
[2017.06.04-14.49.53:652][468]LogModuleManager: Shutting down and abandoning module SessionFrontend (394)
[2017.06.04-14.49.53:652][468]LogModuleManager: Shutting down and abandoning module ProfilerClient (392)
[2017.06.04-14.49.53:652][468]LogModuleManager: Shutting down and abandoning module DeviceManager (390)
[2017.06.04-14.49.53:652][468]LogModuleManager: Shutting down and abandoning module TargetDeviceServices (389)
[2017.06.04-14.49.53:705][468]LogModuleManager: Shutting down and abandoning module AutomationController (386)
[2017.06.04-14.49.53:705][468]LogModuleManager: Shutting down and abandoning module AutomationWindow (384)
[2017.06.04-14.49.53:705][468]LogModuleManager: Shutting down and abandoning module Layers (382)
[2017.06.04-14.49.53:705][468]LogModuleManager: Shutting down and abandoning module ComponentVisualizers (380)
[2017.06.04-14.49.53:705][468]LogModuleManager: Shutting down and abandoning module DetailCustomizations (378)
[2017.06.04-14.49.53:705][468]LogModuleManager: Shutting down and abandoning module PackagesDialog (376)
[2017.06.04-14.49.53:705][468]LogModuleManager: Shutting down and abandoning module Persona (374)
[2017.06.04-14.49.53:705][468]LogModuleManager: Shutting down and abandoning module AdvancedPreviewScene (373)
[2017.06.04-14.49.53:705][468]LogModuleManager: Shutting down and abandoning module AnimGraph (371)
[2017.06.04-14.49.53:705][468]LogModuleManager: Shutting down and abandoning module Kismet (368)
[2017.06.04-14.49.53:709][468]LogModuleManager: Shutting down and abandoning module ClassViewer (366)
[2017.06.04-14.49.53:710][468]LogModuleManager: Shutting down and abandoning module Toolbox (364)
[2017.06.04-14.49.53:710][468]LogModuleManager: Shutting down and abandoning module ModuleUI (362)
[2017.06.04-14.49.53:710][468]LogModuleManager: Shutting down and abandoning module MovieSceneTools (360)
[2017.06.04-14.49.53:710][468]LogModuleManager: Shutting down and abandoning module OutputLog (358)
[2017.06.04-14.49.53:710][468]LogModuleManager: Shutting down and abandoning module GammaUI (356)
[2017.06.04-14.49.53:710][468]LogModuleManager: Shutting down and abandoning module Documentation (354)
[2017.06.04-14.49.53:710][468]LogModuleManager: Shutting down and abandoning module MovieSceneTracks (352)
[2017.06.04-14.49.53:710][468]LogModuleManager: Shutting down and abandoning module MovieScene (350)
[2017.06.04-14.49.53:710][468]LogModuleManager: Shutting down and abandoning module Niagara (348)
[2017.06.04-14.49.53:710][468]LogModuleManager: Shutting down and abandoning module NiagaraEditor (347)
[2017.06.04-14.49.53:710][468]LogModuleManager: Shutting down and abandoning module StreamingPauseRendering (344)
[2017.06.04-14.49.53:710][468]LogModuleManager: Shutting down and abandoning module AnalyticsET (342)
[2017.06.04-14.49.53:710][468]LogModuleManager: Shutting down and abandoning module PortalServices (340)
[2017.06.04-14.49.53:710][468]LogModuleManager: Shutting down and abandoning module PortalRpc (338)
[2017.06.04-14.49.53:710][468]LogModuleManager: Shutting down and abandoning module MessagingRpc (336)
[2017.06.04-14.49.53:710][468]LogModuleManager: Shutting down and abandoning module AIModule (334)
[2017.06.04-14.49.53:710][468]LogModuleManager: Shutting down and abandoning module GameplayDebugger (333)
[2017.06.04-14.49.53:711][468]LogModuleManager: Shutting down and abandoning module AITestSuite (331)
[2017.06.04-14.49.53:711][468]LogModuleManager: Shutting down and abandoning module ProfilerService (328)
[2017.06.04-14.49.53:736][468]LogModuleManager: Shutting down and abandoning module TaskGraph (326)
[2017.06.04-14.49.53:736][468]LogModuleManager: Shutting down and abandoning module SteamVRController (324)
[2017.06.04-14.49.53:736][468]LogModuleManager: Shutting down and abandoning module SteamVR (322)
[2017.06.04-14.49.53:736][468]LogModuleManager: Shutting down and abandoning module ProceduralMeshComponentEditor (320)
[2017.06.04-14.49.53:736][468]LogModuleManager: Shutting down and abandoning module ProceduralMeshComponent (318)
[2017.06.04-14.49.53:736][468]LogModuleManager: Shutting down and abandoning module OculusLibrary (316)
[2017.06.04-14.49.53:736][468]LogModuleManager: Shutting down and abandoning module OculusInput (314)
[2017.06.04-14.49.53:736][468]LogModuleManager: Shutting down and abandoning module MobilePatchingUtils (312)
[2017.06.04-14.49.53:736][468]LogModuleManager: Shutting down and abandoning module CustomMeshComponent (310)
[2017.06.04-14.49.53:736][468]LogModuleManager: Shutting down and abandoning module CableComponent (308)
[2017.06.04-14.49.53:736][468]LogModuleManager: Shutting down and abandoning module ArchVisCharacter (306)
[2017.06.04-14.49.53:736][468]LogModuleManager: Shutting down and abandoning module AndroidPermission (304)
[2017.06.04-14.49.53:736][468]LogModuleManager: Shutting down and abandoning module MediaPlayerEditor (300)
[2017.06.04-14.49.53:736][468]LogModuleManager: Shutting down and abandoning module HTML5Networking (298)
[2017.06.04-14.49.53:736][468]LogModuleManager: Shutting down and abandoning module AlembicImporter (296)
[2017.06.04-14.49.53:736][468]LogModuleManager: Shutting down and abandoning module AlembicLibrary (295)
[2017.06.04-14.49.53:736][468]LogModuleManager: Shutting down and abandoning module GeometryCache (294)
[2017.06.04-14.49.53:736][468]LogModuleManager: Shutting down and abandoning module GeometryCacheEd (293)
[2017.06.04-14.49.53:736][468]LogModuleManager: Shutting down and abandoning module SuperSearchEditor (288)
[2017.06.04-14.49.53:736][468]LogModuleManager: Shutting down and abandoning module SuperSearch (287)
[2017.06.04-14.49.53:736][468]LogModuleManager: Shutting down and abandoning module SpeedTreeImporter (284)
[2017.06.04-14.49.53:736][468]LogModuleManager: Shutting down and abandoning module PluginBrowser (282)
[2017.06.04-14.49.53:736][468]LogModuleManager: Shutting down and abandoning module MobileLauncherProfileWizard (280)
[2017.06.04-14.49.53:736][468]LogModuleManager: Shutting down and abandoning module VisualStudioSourceCodeAccess (278)
[2017.06.04-14.49.53:736][468]LogModuleManager: Shutting down and abandoning module DesktopPlatform (277)
[2017.06.04-14.49.53:736][468]LogModuleManager: Shutting down and abandoning module UObjectPlugin (274)
[2017.06.04-14.49.53:736][468]LogModuleManager: Shutting down and abandoning module SubversionSourceControl (272)
[2017.06.04-14.49.53:736][468]LogModuleManager: Shutting down and abandoning module PerforceSourceControl (270)
[2017.06.04-14.49.53:736][468]LogModuleManager: Shutting down and abandoning module GitSourceControl (268)
[2017.06.04-14.49.53:736][468]LogModuleManager: Shutting down and abandoning module SourceControl (267)
[2017.06.04-14.49.53:736][468]LogModuleManager: Shutting down and abandoning module LightPropagationVolumeEditor (264)
[2017.06.04-14.49.53:736][468]LogModuleManager: Shutting down and abandoning module PaperTiledImporter (262)
[2017.06.04-14.49.53:736][468]LogModuleManager: Shutting down and abandoning module PaperSpriteSheetImporter (260)
[2017.06.04-14.49.53:736][468]LogModuleManager: Shutting down and abandoning module Paper2DEditor (258)
[2017.06.04-14.49.53:736][468]LogModuleManager: Shutting down and abandoning module MeshPaint (257)
[2017.06.04-14.49.53:736][468]LogModuleManager: Shutting down and abandoning module LevelEditor (255)
[2017.06.04-14.49.53:737][468]LogModuleManager: Shutting down and abandoning module PixelInspectorModule (254)
[2017.06.04-14.49.53:737][468]LogModuleManager: Shutting down and abandoning module MainFrame (252)
[2017.06.04-14.49.53:737][468]LogModuleManager: Shutting down and abandoning module HotReload (251)
[2017.06.04-14.49.53:737][468]LogModuleManager: Shutting down and abandoning module PhysXVehiclesEditor (246)
[2017.06.04-14.49.53:737][468]LogModuleManager: Shutting down and abandoning module PhysXVehicles (244)
[2017.06.04-14.49.53:737][468]LogModuleManager: Shutting down and abandoning module LocationServicesBPLibrary (242)
[2017.06.04-14.49.53:737][468]LogModuleManager: Shutting down and abandoning module ImmediatePhysicsEditor (240)
[2017.06.04-14.49.53:737][468]LogModuleManager: Shutting down and abandoning module ImmediatePhysics (238)
[2017.06.04-14.49.53:737][468]LogModuleManager: Shutting down and abandoning module UdpMessaging (236)
[2017.06.04-14.49.53:837][468]LogModuleManager: Shutting down and abandoning module TcpMessaging (234)
[2017.06.04-14.49.53:938][468]LogModuleManager: Shutting down and abandoning module GameplayTagsEditor (232)
[2017.06.04-14.49.53:938][468]LogModuleManager: Shutting down and abandoning module FacialAnimationEditor (230)
[2017.06.04-14.49.53:938][468]LogModuleManager: Shutting down and abandoning module FacialAnimation (228)
[2017.06.04-14.49.53:938][468]LogModuleManager: Shutting down and abandoning module AssetManagerEditor (226)
[2017.06.04-14.49.53:938][468]LogModuleManager: Shutting down and abandoning module GraphEditor (225)
[2017.06.04-14.49.53:938][468]LogModuleManager: Shutting down and abandoning module ContentBrowser (223)
[2017.06.04-14.49.53:938][468]LogModuleManager: Shutting down and abandoning module LightPropagationVolumeRuntime (220)
[2017.06.04-14.49.53:938][468]LogModuleManager: Shutting down and abandoning module Paper2D (218)
[2017.06.04-14.49.53:938][468]LogModuleManager: Shutting down and abandoning module WindowsMoviePlayer (216)
[2017.06.04-14.49.53:938][468]LogModuleManager: Shutting down and abandoning module WmfMedia (214)
[2017.06.04-14.49.53:938][468]LogModuleManager: Shutting down and abandoning module ClothingSystemEditor (212)
[2017.06.04-14.49.53:938][468]LogModuleManager: Shutting down and abandoning module ClothingSystemRuntime (210)
[2017.06.04-14.49.53:938][468]LogModuleManager: Shutting down and abandoning module MediaAssets (208)
[2017.06.04-14.49.53:938][468]LogModuleManager: Shutting down and abandoning module GameLiveStreaming (206)
[2017.06.04-14.49.53:938][468]LogModuleManager: Shutting down and abandoning module VREditor (204)
[2017.06.04-14.49.53:938][468]LogModuleManager: Shutting down and abandoning module StringTableEditor (202)
[2017.06.04-14.49.53:938][468]LogModuleManager: Shutting down and abandoning module GameplayTasksEditor (200)
[2017.06.04-14.49.53:938][468]LogModuleManager: Shutting down and abandoning module BehaviorTreeEditor (198)
[2017.06.04-14.49.53:938][468]LogModuleManager: Shutting down and abandoning module FunctionalTesting (196)
[2017.06.04-14.49.53:938][468]LogModuleManager: Shutting down and abandoning module CollisionAnalyzer (194)
[2017.06.04-14.49.53:938][468]LogModuleManager: Shutting down and abandoning module UMG (192)
[2017.06.04-14.49.53:938][468]LogModuleManager: Shutting down and abandoning module UMGEditor (191)
[2017.06.04-14.49.53:939][468]LogModuleManager: Shutting down and abandoning module Sequencer (190)
[2017.06.04-14.49.53:939][468]LogModuleManager: Shutting down and abandoning module AssetTools (188)
[2017.06.04-14.49.53:939][468]LogModuleManager: Shutting down and abandoning module MessageLog (187)
[2017.06.04-14.49.53:939][468]LogModuleManager: Shutting down and abandoning module WorkspaceMenuStructure (186)
[2017.06.04-14.49.53:939][468]LogModuleManager: Shutting down and abandoning module SlateReflector (180)
[2017.06.04-14.49.53:939][468]LogModuleManager: Shutting down and abandoning module Slate (178)
[2017.06.04-14.49.53:939][468]LogModuleManager: Shutting down and abandoning module EditorStyle (176)
[2017.06.04-14.49.53:940][468]LogModuleManager: Shutting down and abandoning module SourceCodeAccess (174)
[2017.06.04-14.49.53:940][468]LogModuleManager: Shutting down and abandoning module HeadMountedDisplay (172)
[2017.06.04-14.49.53:940][468]LogModuleManager: Shutting down and abandoning module XAudio2 (170)
[2017.06.04-14.49.53:940][468]LogModuleManager: Shutting down and abandoning module Networking (168)
[2017.06.04-14.49.53:940][468]LogModuleManager: Shutting down and abandoning module Core (164)
[2017.06.04-14.49.53:940][468]LogModuleManager: Shutting down and abandoning module AssetRegistry (162)
[2017.06.04-14.49.54:057][468]LogDirectoryWatcher: A directory notification for '../../../Engine/Content/' was aborted.
[2017.06.04-14.49.54:057][468]LogDirectoryWatcher: A directory notification for 'C:/Users/Jeremy/Documents/Unreal Projects/Lewt/Content/' was aborted.
[2017.06.04-14.49.54:057][468]LogDirectoryWatcher: A directory notification for '../../../Engine/Plugins/2D/Paper2D/Content/' was aborted.
[2017.06.04-14.49.54:057][468]LogDirectoryWatcher: A directory notification for '../../../Engine/Plugins/Runtime/GearVR/Content/' was aborted.
[2017.06.04-14.49.54:058][468]LogModuleManager: Shutting down and abandoning module DirectoryWatcher (161)
[2017.06.04-14.49.54:059][468]LogModuleManager: Shutting down and abandoning module KismetCompiler (158)
[2017.06.04-14.49.54:059][468]LogModuleManager: Shutting down and abandoning module LevelSequence (156)
[2017.06.04-14.49.54:059][468]LogModuleManager: Shutting down and abandoning module PhysXFormats (154)
[2017.06.04-14.49.54:059][468]LogModuleManager: Shutting down and abandoning module MeshUtilities (152)
[2017.06.04-14.49.54:059][468]LogModuleManager: Shutting down and abandoning module SimplygonSwarm (151)
[2017.06.04-14.49.54:059][468]LogModuleManager: Shutting down and abandoning module SimplygonMeshReduction (149)
[2017.06.04-14.49.54:059][468]LogModuleManager: Shutting down and abandoning module QuadricMeshReduction (147)
[2017.06.04-14.49.54:059][468]LogModuleManager: Shutting down and abandoning module DerivedDataCache (144)
[2017.06.04-14.49.54:135][468]LogDerivedDataCache: Shutdown
[2017.06.04-14.49.54:135][468]LogModuleManager: Shutting down and abandoning module TargetPlatform (142)
[2017.06.04-14.49.54:135][468]LogModuleManager: Shutting down and abandoning module VulkanShaderFormat (141)
[2017.06.04-14.49.54:135][468]LogModuleManager: Shutting down and abandoning module ShaderFormatVectorVM (139)
[2017.06.04-14.49.54:135][468]LogModuleManager: Shutting down and abandoning module ShaderFormatOpenGL (137)
[2017.06.04-14.49.54:135][468]LogModuleManager: Shutting down and abandoning module ShaderFormatD3D (135)
[2017.06.04-14.49.54:135][468]LogModuleManager: Shutting down and abandoning module MetalShaderFormat (133)
[2017.06.04-14.49.54:135][468]LogModuleManager: Shutting down and abandoning module TextureFormatUncompressed (131)
[2017.06.04-14.49.54:135][468]LogModuleManager: Shutting down and abandoning module TextureFormatPVR (129)
[2017.06.04-14.49.54:135][468]LogModuleManager: Shutting down and abandoning module TextureFormatDXT (127)
[2017.06.04-14.49.54:135][468]LogModuleManager: Shutting down and abandoning module TextureFormatIntelISPCTexComp (125)
[2017.06.04-14.49.54:135][468]LogModuleManager: Shutting down and abandoning module TextureFormatASTC (123)
[2017.06.04-14.49.54:135][468]LogModuleManager: Shutting down and abandoning module ImageWrapper (122)
[2017.06.04-14.49.54:135][468]LogModuleManager: Shutting down and abandoning module TextureFormatAndroid (119)
[2017.06.04-14.49.54:135][468]LogModuleManager: Shutting down and abandoning module AudioFormatOpus (117)
[2017.06.04-14.49.54:135][468]LogModuleManager: Shutting down and abandoning module AudioFormatOgg (115)
[2017.06.04-14.49.54:135][468]LogModuleManager: Shutting down and abandoning module AudioFormatADPCM (113)
[2017.06.04-14.49.54:135][468]LogModuleManager: Shutting down and abandoning module LinuxTargetPlatform (111)
[2017.06.04-14.49.54:135][468]LogModuleManager: Shutting down and abandoning module LinuxServerTargetPlatform (109)
[2017.06.04-14.49.54:135][468]LogModuleManager: Shutting down and abandoning module LinuxNoEditorTargetPlatform (107)
[2017.06.04-14.49.54:135][468]LogModuleManager: Shutting down and abandoning module LinuxClientTargetPlatform (105)
[2017.06.04-14.49.54:135][468]LogModuleManager: Shutting down and abandoning module TVOSTargetPlatform (103)
[2017.06.04-14.49.54:135][468]LogModuleManager: Shutting down and abandoning module Messaging (101)
[2017.06.04-14.49.54:135][468]LogModuleManager: Shutting down and abandoning module IOSTargetPlatform (99)
[2017.06.04-14.49.54:135][468]LogModuleManager: Shutting down and abandoning module HTML5TargetPlatform (97)
[2017.06.04-14.49.54:135][468]LogModuleManager: Shutting down and abandoning module Android_PVRTCTargetPlatform (95)
[2017.06.04-14.49.54:135][468]LogModuleManager: Shutting down and abandoning module Android_MultiTargetPlatform (93)
[2017.06.04-14.49.54:135][468]LogModuleManager: Shutting down and abandoning module Android_ETC2TargetPlatform (91)
[2017.06.04-14.49.54:135][468]LogModuleManager: Shutting down and abandoning module Android_ETC1TargetPlatform (89)
[2017.06.04-14.49.54:135][468]LogModuleManager: Shutting down and abandoning module Android_DXTTargetPlatform (87)
[2017.06.04-14.49.54:135][468]LogModuleManager: Shutting down and abandoning module Android_ATCTargetPlatform (85)
[2017.06.04-14.49.54:135][468]LogModuleManager: Shutting down and abandoning module Android_ASTCTargetPlatform (83)
[2017.06.04-14.49.54:135][468]LogModuleManager: Shutting down and abandoning module AndroidTargetPlatform (81)
[2017.06.04-14.49.54:135][468]LogModuleManager: Shutting down and abandoning module WindowsTargetPlatform (79)
[2017.06.04-14.49.54:135][468]LogModuleManager: Shutting down and abandoning module WindowsServerTargetPlatform (77)
[2017.06.04-14.49.54:135][468]LogModuleManager: Shutting down and abandoning module WindowsNoEditorTargetPlatform (75)
[2017.06.04-14.49.54:135][468]LogModuleManager: Shutting down and abandoning module WindowsClientTargetPlatform (73)
[2017.06.04-14.49.54:135][468]LogModuleManager: Shutting down and abandoning module MacTargetPlatform (71)
[2017.06.04-14.49.54:135][468]LogModuleManager: Shutting down and abandoning module MacServerTargetPlatform (69)
[2017.06.04-14.49.54:135][468]LogModuleManager: Shutting down and abandoning module MacNoEditorTargetPlatform (67)
[2017.06.04-14.49.54:135][468]LogModuleManager: Shutting down and abandoning module MacClientTargetPlatform (65)
[2017.06.04-14.49.54:135][468]LogModuleManager: Shutting down and abandoning module AllDesktopTargetPlatform (63)
[2017.06.04-14.49.54:135][468]LogModuleManager: Shutting down and abandoning module InputCore (60)
[2017.06.04-14.49.54:135][468]LogModuleManager: Shutting down and abandoning module Settings (58)
[2017.06.04-14.49.54:135][468]LogModuleManager: Shutting down and abandoning module OculusRift (56)
[2017.06.04-14.49.54:135][468]LogModuleManager: Shutting down and abandoning module GearVRController (54)
[2017.06.04-14.49.54:135][468]LogModuleManager: Shutting down and abandoning module GearVR (52)
[2017.06.04-14.49.54:135][468]LogModuleManager: Shutting down and abandoning module ExampleDeviceProfileSelector (50)
[2017.06.04-14.49.54:135][468]LogModuleManager: Shutting down and abandoning module OnlineBlueprintSupport (48)
[2017.06.04-14.49.54:135][468]LogModuleManager: Shutting down and abandoning module OnlineSubsystem (44)
[2017.06.04-14.49.54:135][468]LogOnline:Display: Unloading online subsystem: NULL
[2017.06.04-14.49.54:135][468]LogModuleManager: Shutting down and abandoning module XMPP (43)
[2017.06.04-14.49.54:135][468]LogModuleManager: Shutting down and abandoning module HTTP (41)
[2017.06.04-14.49.54:135][468]LogHttp:Display: Http module shutting down, but needs to wait on 1 outstanding Http requests:
[2017.06.04-14.49.54:135][468]LogHttp:Display: 	verb=[POST] url=[https://datarouter.ol.epicgames.com/datarouter/api/v1/public/data?SessionID=%7B3209093F-496D-3560-5D63-7CBE2D23EE79%7D&AppID=UEEditor.Rocket.Release&AppVersion=4.16.1-3466753%2B%2B%2BUE4%2BRelease-4.16&UserID=a1a1652a4f3d8ff27420a8b429a3c7d6%7Cfcf4ab501aa34c04b277d2a85cef2008%7C82c45164-ecf2-42db-9101-b65db2819172&AppEnvironment=datacollector-binary&UploadType=eteventstream] status=Processing
[2017.06.04-14.49.54:148][468]LogModuleManager: Shutting down and abandoning module SSL (40)
[2017.06.04-14.49.54:149][468]LogModuleManager: Shutting down and abandoning module HTTPChunkInstaller (36)
[2017.06.04-14.49.54:149][468]LogModuleManager: Shutting down and abandoning module AnimationModifiers (34)
[2017.06.04-14.49.54:149][468]LogModuleManager: Shutting down and abandoning module PropertyEditor (33)
[2017.06.04-14.49.54:149][468]LogModuleManager: Shutting down and abandoning module AudioEditor (30)
[2017.06.04-14.49.54:149][468]LogModuleManager: Shutting down and abandoning module TextureCompressor (28)
[2017.06.04-14.49.54:149][468]LogModuleManager: Shutting down and abandoning module ShaderCore (26)
[2017.06.04-14.49.54:149][468]LogModuleManager: Shutting down and abandoning module Landscape (24)
[2017.06.04-14.49.54:149][468]LogModuleManager: Shutting down and abandoning module SlateRHIRenderer (22)
[2017.06.04-14.49.54:150][468]LogModuleManager: Shutting down and abandoning module OpenGLDrv (20)
[2017.06.04-14.49.54:150][468]LogModuleManager: Shutting down and abandoning module D3D11RHI (18)
[2017.06.04-14.49.54:150][468]LogModuleManager: Shutting down and abandoning module AnimGraphRuntime (16)
[2017.06.04-14.49.54:150][468]LogModuleManager: Shutting down and abandoning module Renderer (14)
[2017.06.04-14.49.54:150][468]LogModuleManager: Shutting down and abandoning module Engine (12)
[2017.06.04-14.49.54:150][468]LogModuleManager: Shutting down and abandoning module CoreUObject (10)
[2017.06.04-14.49.54:150][468]LogModuleManager: Shutting down and abandoning module NetworkFile (8)
[2017.06.04-14.49.54:150][468]LogModuleManager: Shutting down and abandoning module StreamingFile (6)
[2017.06.04-14.49.54:150][468]LogModuleManager: Shutting down and abandoning module SandboxFile (4)
[2017.06.04-14.49.54:150][468]LogModuleManager: Shutting down and abandoning module PakFile (2)
[2017.06.04-14.49.54:151][468]LogExit: Exiting.
[2017.06.04-14.49.54:159][468]Log file closed, 06/04/17 10:49:54
