Log file open, 06/04/17 11:22:44
LogInit:Display: Running engine for game: Lewt
LogPlatformFile: Not using cached read wrapper
LogInit:Display: RandInit(-751124094) SRandInit(-751124094).
LogTaskGraph: Started task graph with 5 named threads and 8 total threads with 1 sets of task threads.
LogStats: Stats thread started at 0.073652
LogInit: Using libcurl 7.47.1
LogInit:  - built for x86_64-pc-win32
LogInit:  - supports SSL with OpenSSL/1.0.2g
LogInit:  - supports HTTP deflate (compression) using libz 1.2.8
LogInit:  - other features:
LogInit:      CURL_VERSION_SSL
LogInit:      CURL_VERSION_LIBZ
LogInit:      CURL_VERSION_IPV6
LogInit:      CURL_VERSION_ASYNCHDNS
LogInit:      CURL_VERSION_LARGEFILE
LogInit:      CURL_VERSION_IDN
LogInit:  CurlRequestOptions (configurable via config and command line):
LogInit:  - bVerifyPeer = false  - Libcurl will NOT verify peer certificate
LogInit:  - bUseHttpProxy = false  - Libcurl will NOT use HTTP proxy
LogInit:  - bDontReuseConnections = false  - Libcurl will reuse connections
LogInit:  - CertBundlePath = nullptr  - Libcurl will use whatever was configured at build time.
LogInit: Build: ++UE4+Release-4.16-CL-3466753
LogInit: Engine Version: 4.16.1-3466753+++UE4+Release-4.16
LogInit: Compatible Engine Version: 4.16.0-3452394+++UE4+Release-4.16
LogInit: Net CL: 3452394
LogDevObjectVersion: Number of dev versions registered: 16
LogDevObjectVersion:   Dev-Blueprints (B0D832E4-1F89-4F0D-ACCF-7EB736FD4AA2): 9
LogDevObjectVersion:   Dev-Build (E1C64328-A22C-4D53-A36C-8E866417BD8C): 0
LogDevObjectVersion:   Dev-Core (375EC13C-06E4-48FB-B500-84F0262A717E): 2
LogDevObjectVersion:   Dev-Editor (E4B068ED-F494-42E9-A231-DA0B2E46BB41): 17
LogDevObjectVersion:   Dev-Framework (CFFC743F-43B0-4480-9391-14DF171D2073): 23
LogDevObjectVersion:   Dev-Mobile (B02B49B5-BB20-44E9-A304-32B752E40360): 0
LogDevObjectVersion:   Dev-Networking (A4E4105C-59A1-49B5-A7C5-40C4547EDFEE): 0
LogDevObjectVersion:   Dev-Online (39C831C9-5AE6-47DC-9A44-9C173E1C8E7C): 0
LogDevObjectVersion:   Dev-Physics (78F01B33-EBEA-4F98-B9B4-84EACCB95AA2): 0
LogDevObjectVersion:   Dev-Platform (6631380F-2D4D-43E0-8009-CF276956A95A): 0
LogDevObjectVersion:   Dev-Rendering (12F88B9F-8875-4AFC-A67C-D90C383ABD29): 15
LogDevObjectVersion:   Dev-Sequencer (7B5AE74C-D270-4C10-A958-57980B212A5A): 4
LogDevObjectVersion:   Dev-VR (D7296918-1DD6-4BDD-9DE2-64A83CC13884): 0
LogDevObjectVersion:   Dev-LoadTimes (C2A15278-BFE7-4AFE-6C17-90FF531DF755): 1
LogDevObjectVersion:   Private-Geometry (6EACA3D4-40EC-4CC1-B786-8BED09428FC5): 1
LogDevObjectVersion:   Dev-AnimPhys (29E575DD-E0A3-4627-9D10-D276232CDCEA): 3
LogInit: Compiled (64-bit): May 31 2017 02:03:30
LogInit: Compiled with Visual C++: 19.00.24215.01
LogInit: Build Configuration: Development
LogInit: Branch Name: ++UE4+Release-4.16
LogInit: Command line:  
LogInit: Base directory: E:/Unreal/UE_4.16/Engine/Binaries/Win64/
LogInit: Installed Engine Build: 1
LogInit: Presizing for max 8388607 objects, including 0 objects not considered by GC, pre-allocating 0 bytes for permanent pool.
LogInit: Object subsystem initialized
[2017.06.04-15.22.44:426][  0]LogInit: Selected Device Profile: [Windows]
[2017.06.04-15.22.44:426][  0]LogInit: Applying CVar settings loaded from the selected device profile: [Windows]
[2017.06.04-15.22.44:434][  0]LogInit: Computer: DESKTOP-C39FOTP
[2017.06.04-15.22.44:434][  0]LogInit: User: Jeremy
[2017.06.04-15.22.44:434][  0]LogInit: CPU Page size=4096, Cores=4
[2017.06.04-15.22.44:434][  0]LogInit: High frequency timer resolution =3.914067 MHz
[2017.06.04-15.22.44:434][  0]LogMemory: Memory total: Physical=15.9GB (16GB approx)
[2017.06.04-15.22.44:434][  0]LogMemory: Platform Memory Stats for Windows
[2017.06.04-15.22.44:434][  0]LogMemory: Process Physical Memory: 273.19 MB used, 273.19 MB peak
[2017.06.04-15.22.44:434][  0]LogMemory: Process Virtual Memory: 261.00 MB used, 261.00 MB peak
[2017.06.04-15.22.44:434][  0]LogMemory: Physical Memory: 4919.59 MB used,  11376.64 MB free, 16296.23 MB total
[2017.06.04-15.22.44:434][  0]LogMemory: Virtual Memory: 638.33 MB used,  11376.64 MB free, 134217728.00 MB total
[2017.06.04-15.22.44:471][  0]LogInit: Using OS detected language (en-US).
[2017.06.04-15.22.44:471][  0]LogInit: Using OS detected locale (en-US).
[2017.06.04-15.22.44:474][  0]LogTextLocalizationManager: No specific localization for 'en-US' exists, so the 'en' localization will be used.
[2017.06.04-15.22.45:162][  0]LogD3D11RHI: D3D11 adapters:
[2017.06.04-15.22.45:549][  0]LogD3D11RHI:    0. 'NVIDIA GeForce GTX 1070' (Feature Level 11_0)
[2017.06.04-15.22.45:549][  0]LogD3D11RHI:       8119/0/8148 MB DedicatedVideo/DedicatedSystem/SharedSystem, Outputs:1, VendorId:0x10de
[2017.06.04-15.22.45:550][  0]LogD3D11RHI:    1. 'Microsoft Basic Render Driver' (Feature Level 11_0)
[2017.06.04-15.22.45:550][  0]LogD3D11RHI:       0/0/8148 MB DedicatedVideo/DedicatedSystem/SharedSystem, Outputs:0, VendorId:0x1414
[2017.06.04-15.22.45:550][  0]LogD3D11RHI: Chosen D3D11 Adapter: 0
[2017.06.04-15.22.45:553][  0]LogD3D11RHI: Creating new Direct3DDevice
[2017.06.04-15.22.45:553][  0]LogD3D11RHI:     GPU DeviceId: 0x1b81 (for the marketing name, search the web for "GPU Device Id")
[2017.06.04-15.22.45:553][  0]LogWindows: EnumDisplayDevices:
[2017.06.04-15.22.45:553][  0]LogWindows:    0. 'NVIDIA GeForce GTX 1070' (P:1 D:1)
[2017.06.04-15.22.45:553][  0]LogWindows:    1. 'NVIDIA GeForce GTX 1070' (P:0 D:0)
[2017.06.04-15.22.45:553][  0]LogWindows:    2. 'NVIDIA GeForce GTX 1070' (P:0 D:0)
[2017.06.04-15.22.45:553][  0]LogWindows:    3. 'NVIDIA GeForce GTX 1070' (P:0 D:0)
[2017.06.04-15.22.45:553][  0]LogWindows: DebugString: FoundDriverCount:4 
[2017.06.04-15.22.45:553][  0]LogD3D11RHI:     Adapter Name: NVIDIA GeForce GTX 1070
[2017.06.04-15.22.45:553][  0]LogD3D11RHI:   Driver Version: 378.66 (internal:21.21.13.7866, unified:378.66)
[2017.06.04-15.22.45:553][  0]LogD3D11RHI:      Driver Date: 2-9-2017
[2017.06.04-15.22.45:553][  0]LogRHI: Texture pool is 1361 MB (70% of 1945 MB)
[2017.06.04-15.22.45:930][  0]LogD3D11RHI: Async texture creation enabled
[2017.06.04-15.22.45:961][  0]LogD3D11RHI: GPU Timing Frequency: 1000.000000 (Debug: 2 2)
[2017.06.04-15.22.46:003][  0]LogShaderCompilers: Guid format shader working directory is 1 characters bigger than the processId version (C:/Users/Jeremy/Documents/Unreal Projects/Lewt/Intermediate/Shaders/WorkingDirectory/8712/).
[2017.06.04-15.22.46:003][  0]LogShaderCompilers: Cleaned the shader compiler working directory 'C:/Users/Jeremy/AppData/Local/Temp/UnrealShaderWorkingDir/4B4D6C07417CC37AC45996B0DE9A9152/'.
[2017.06.04-15.22.46:003][  0]LogShaderCompilers:Display: Using Local Shader Compiler.
[2017.06.04-15.22.46:672][  0]LogTemp:Display: Loaded TP AllDesktopTargetPlatform
[2017.06.04-15.22.46:702][  0]LogTemp:Display: Loaded TP MacClientTargetPlatform
[2017.06.04-15.22.46:733][  0]LogTemp:Display: Loaded TP MacNoEditorTargetPlatform
[2017.06.04-15.22.46:764][  0]LogTemp:Display: Loaded TP MacServerTargetPlatform
[2017.06.04-15.22.46:794][  0]LogTemp:Display: Loaded TP MacTargetPlatform
[2017.06.04-15.22.46:825][  0]LogTemp:Display: Loaded TP WindowsClientTargetPlatform
[2017.06.04-15.22.46:856][  0]LogTemp:Display: Loaded TP WindowsNoEditorTargetPlatform
[2017.06.04-15.22.46:886][  0]LogTemp:Display: Loaded TP WindowsServerTargetPlatform
[2017.06.04-15.22.46:912][  0]LogTemp:Display: Loaded TP WindowsTargetPlatform
[2017.06.04-15.22.46:941][  0]LogTemp:Display: Loaded TP AndroidTargetPlatform
[2017.06.04-15.22.46:970][  0]LogTemp:Display: Loaded TP Android_ASTCTargetPlatform
[2017.06.04-15.22.47:000][  0]LogTemp:Display: Loaded TP Android_ATCTargetPlatform
[2017.06.04-15.22.47:031][  0]LogTemp:Display: Loaded TP Android_DXTTargetPlatform
[2017.06.04-15.22.47:061][  0]LogTemp:Display: Loaded TP Android_ETC1TargetPlatform
[2017.06.04-15.22.47:091][  0]LogTemp:Display: Loaded TP Android_ETC2TargetPlatform
[2017.06.04-15.22.47:150][  0]LogTemp:Display: Loaded TP Android_MultiTargetPlatform
[2017.06.04-15.22.47:150][  0]LogTemp:Display: Loaded TP Android_PVRTCTargetPlatform
[2017.06.04-15.22.47:172][  0]LogTemp:Display: Loaded TP HTML5TargetPlatform
[2017.06.04-15.22.47:234][  0]LogTemp:Display: Loaded TP IOSTargetPlatform
[2017.06.04-15.22.47:251][  0]LogTemp:Display: Loaded TP TVOSTargetPlatform
[2017.06.04-15.22.47:281][  0]LogTemp:Display: Loaded TP LinuxClientTargetPlatform
[2017.06.04-15.22.47:311][  0]LogTemp:Display: Loaded TP LinuxNoEditorTargetPlatform
[2017.06.04-15.22.47:340][  0]LogTemp:Display: Loaded TP LinuxServerTargetPlatform
[2017.06.04-15.22.47:370][  0]LogTemp:Display: Loaded TP LinuxTargetPlatform
[2017.06.04-15.22.47:370][  0]LogTargetPlatformManager:Display: Building Assets For Windows
[2017.06.04-15.22.47:636][  0]LogDerivedDataCache:Display: Max Cache Size: 512 MB
[2017.06.04-15.22.47:708][  0]LogDerivedDataCache: Loaded boot cache 0.07s 90MB C:/Users/Jeremy/AppData/Local/UnrealEngine/4.16/DerivedDataCache/Boot.ddc.
[2017.06.04-15.22.47:708][  0]LogDerivedDataCache:Display: Loaded Boot cache: C:/Users/Jeremy/AppData/Local/UnrealEngine/4.16/DerivedDataCache/Boot.ddc
[2017.06.04-15.22.47:708][  0]LogDerivedDataCache: FDerivedDataBackendGraph:  Pak pak cache file C:/Users/Jeremy/Documents/Unreal Projects/Lewt/DerivedDataCache/DDC.ddp not found, will not use a pak cache.
[2017.06.04-15.22.47:708][  0]LogDerivedDataCache: Unable to find inner node Pak for hierarchical cache Hierarchy.
[2017.06.04-15.22.47:709][  0]LogDerivedDataCache: FDerivedDataBackendGraph:  CompressedPak pak cache file C:/Users/Jeremy/Documents/Unreal Projects/Lewt/DerivedDataCache/Compressed.ddp not found, will not use a pak cache.
[2017.06.04-15.22.47:709][  0]LogDerivedDataCache: Unable to find inner node CompressedPak for hierarchical cache Hierarchy.
[2017.06.04-15.22.47:721][  0]LogDerivedDataCache:Display: Pak cache opened for reading ../../../Engine/DerivedDataCache/Compressed.ddp.
[2017.06.04-15.22.47:732][  0]LogDerivedDataCache: Using Local data cache path C:/Users/Jeremy/AppData/Local/UnrealEngine/Common/DerivedDataCache: Writable
[2017.06.04-15.22.47:739][  0]LogMaterial: Verifying Global Shaders for PCD3D_SM5
[2017.06.04-15.22.47:739][  0]LogSlate: Using Freetype 2.6.0
[2017.06.04-15.22.47:740][  0]LogSlate: SlateFontCache - WITH_FREETYPE: 1, WITH_HARFBUZZ: 1
[2017.06.04-15.22.47:740][  0]LogSlate: SlateFontCache - WITH_FREETYPE: 1, WITH_HARFBUZZ: 1
[2017.06.04-15.22.47:974][  0]LogInit: Selected Device Profile: [Windows]
[2017.06.04-15.22.48:025][  0]LogContentStreaming: Texture pool size is 0.00 MB
[2017.06.04-15.22.48:128][  0]LogMeshUtilities: Using QuadricMeshReduction for automatic static mesh reduction
[2017.06.04-15.22.48:152][  0]LogSimplygon: Simplygon DLL not present - disabling.
[2017.06.04-15.22.48:181][  0]LogMeshUtilities: Using SimplygonSwarm for distributed automatic mesh merging
[2017.06.04-15.22.48:181][  0]LogMeshUtilities: No automatic skeletal mesh reduction module available
[2017.06.04-15.22.48:181][  0]LogMeshUtilities: No automatic mesh merging module available
[2017.06.04-15.22.48:520][  0]LogNetVersion: Lewt , NetCL: 3452394, EngineNetVer: 2, GameNetVer: 0 (Checksum: 3174199374)
[2017.06.04-15.22.48:565][  0]LogAssetRegistry: FAssetRegistry took 0.0238 seconds to start up
[2017.06.04-15.22.48:600][  0]LogPackageLocalizationCache: Processed 4 localized package path(s) for 2 prioritized culture(s) in 0.023716 seconds
[2017.06.04-15.22.48:604][  0]LogUObjectArray: 34194 objects as part of root set at end of initial load.
[2017.06.04-15.22.48:604][  0]LogUObjectAllocator: 7260424 out of 0 bytes used by permanent object pool.
[2017.06.04-15.22.48:604][  0]LogUObjectArray: CloseDisregardForGC: 0/0 objects in disregard for GC pool
[2017.06.04-15.22.48:635][  0]LogInit: WinSock: version 1.1 (2.2), MaxSocks=32767, MaxUdp=65467
[2017.06.04-15.22.50:197][  0]LogTcpMessaging: Initializing TcpMessaging bridge
[2017.06.04-15.22.50:224][  0]LogUdpMessaging: Initializing bridge on interface 0.0.0.0:0 to multicast group 230.0.0.1:6666.
[2017.06.04-15.22.50:558][  0]LogMaterial: Uniform references updated for custom material expression Custom.
[2017.06.04-15.22.50:800][  0]SourceControl: Info Source control is disabled
[2017.06.04-15.22.50:800][  0]SourceControl: Info Source control is disabled
[2017.06.04-15.22.50:829][  0]SourceControl: Info Source control is disabled
[2017.06.04-15.22.50:859][  0]SourceControl: Info Source control is disabled
[2017.06.04-15.22.51:258][  0]LogAndroidPermission: UAndroidPermissionCallbackProxy::GetInstance
[2017.06.04-15.22.51:621][  0]LogEngine: Initializing Engine...
[2017.06.04-15.22.51:844][  0]LogHMD: Failed to initialize OpenVR with code 108
[2017.06.04-15.22.52:001][  0]LogStats: UGameplayTagsManager::ConstructGameplayTagTree: Construct from data asset -  0.000 s
[2017.06.04-15.22.52:001][  0]LogStats: UGameplayTagsManager::ConstructGameplayTagTree: GameplayTagTreeChangedEvent.Broadcast -  0.000 s
[2017.06.04-15.22.52:080][  0]LogAIModule: Creating AISystem for world Untitled
[2017.06.04-15.22.52:094][  0]LogInit: XAudio2 using 'Speakers (Realtek High Definition Audio)' : 6 channels at 48 kHz using 32 bits per sample (channel mask 0x3f)
[2017.06.04-15.22.52:115][  0]LogInit: FAudioDevice initialized.
[2017.06.04-15.22.52:149][  0]LogDerivedDataCache: Saved boot cache 0.03s 90MB C:/Users/Jeremy/AppData/Local/UnrealEngine/4.16/DerivedDataCache/Boot.ddc.
[2017.06.04-15.22.52:162][  0]LogInit: Texture streaming: Enabled
[2017.06.04-15.22.52:210][  0]LogEngineSessionManager: EngineSessionManager initialized
[2017.06.04-15.22.52:337][  0]LogInit: Transaction tracking system initialized
[2017.06.04-15.22.52:509][  0]BlueprintLog: New page: Editor Load
[2017.06.04-15.22.53:025][  0]LocalizationService: Info Localization service is disabled
[2017.06.04-15.22.53:414][  0]LogConsoleResponse:Display: 
[2017.06.04-15.22.53:506][  0]LogCook:Display: Max memory allowance for cook 16384mb min free memory 0mb
[2017.06.04-15.22.53:506][  0]LogCook:Display: Mobile HDR setting 1
[2017.06.04-15.22.54:096][  0]LogFileCache: Scanning file cache for directory 'C:/Users/Jeremy/Documents/Unreal Projects/Lewt/Content/' took 0.01s
[2017.06.04-15.22.54:096][  0]SourceControl: Info Source control is disabled
[2017.06.04-15.22.54:096][  0]Cmd: MAP LOAD FILE="C:/Users/Jeremy/Documents/Unreal Projects/Lewt/Content/SideScrollerBP/Maps/SideScrollerExampleMap.umap" TEMPLATE=0 SHOWPROGRESS=1 FEATURELEVEL=3
[2017.06.04-15.22.54:097][  0]LightingResults: New page: Lighting Build
[2017.06.04-15.22.54:120][  0]MapCheck: New page: Map Check
[2017.06.04-15.22.54:120][  0]LightingResults: New page: Lighting Build
[2017.06.04-15.22.54:371][  0]LogAIModule: Creating AISystem for world SideScrollerExampleMap
[2017.06.04-15.22.54:377][  0]LogEditorServer: Finished looking for orphan Actors (0.000 secs)
[2017.06.04-15.22.54:387][  0]Cmd: MAP CHECKDEP NOCLEARLOG
[2017.06.04-15.22.54:427][  0]MapCheck: Info Map check complete: 0 Error(s), 0 Warning(s), took 39.128ms to complete.
[2017.06.04-15.22.54:427][  0]LogFileHelpers: Loading map 'SideScrollerExampleMap' took 0.331
[2017.06.04-15.22.54:473][  0]LogWindowsTextInputMethodSystem:Display: IME system now deactivated.
[2017.06.04-15.22.54:520][  0]LogCollectionManager: Loaded 0 collections in 0.000686 seconds
[2017.06.04-15.22.54:580][  0]LogFileCache: Scanning file cache for directory 'C:/Users/Jeremy/Documents/Unreal Projects/Lewt/Saved/Collections/' took 0.01s
[2017.06.04-15.22.54:580][  0]LogFileCache: Scanning file cache for directory 'C:/Users/Jeremy/Documents/Unreal Projects/Lewt/Content/Developers/Jeremy/Collections/' took 0.01s
[2017.06.04-15.22.54:580][  0]LogFileCache: Scanning file cache for directory 'C:/Users/Jeremy/Documents/Unreal Projects/Lewt/Content/Collections/' took 0.01s
[2017.06.04-15.22.54:580][  0]LogCollectionManager: Rebuilt the GUID cache for 0 collections in 0.000002 seconds
[2017.06.04-15.22.54:586][  0]LogContentBrowser: Native class hierarchy populated in 0.0065 seconds. Added 2329 classes and 491 folders.
[2017.06.04-15.22.54:621][  0]LogContentBrowser: Native class hierarchy updated for 'WidgetCarousel' in 0.0004 seconds. Added 0 classes and 0 folders.
[2017.06.04-15.22.54:657][  0]LogContentBrowser: Native class hierarchy updated for 'AddContentDialog' in 0.0004 seconds. Added 0 classes and 0 folders.
[2017.06.04-15.22.54:682][  0]LogContentBrowser: Native class hierarchy updated for 'SceneOutliner' in 0.0004 seconds. Added 1 classes and 2 folders.
[2017.06.04-15.22.54:705][  0]LogCrashTracker: Crashtracker disabled due to settings.
[2017.06.04-15.22.54:708][  0]LogSlate: Took 0.000176 seconds to synchronously load lazily loaded font '../../../Engine/Content/Slate/Fonts/Roboto-Regular.ttf' (155K)
[2017.06.04-15.22.54:709][  0]LogSlate: Took 0.000148 seconds to synchronously load lazily loaded font '../../../Engine/Content/Slate/Fonts/Roboto-Bold.ttf' (160K)
[2017.06.04-15.22.54:712][  0]LogSlate: Took 0.000207 seconds to synchronously load lazily loaded font '../../../Engine/Content/Editor/Slate/Fonts/FontAwesome.ttf' (139K)
[2017.06.04-15.22.54:778][  0]LogRenderer: Reallocating scene render targets to support 1616x808 NumSamples 1 (Frame:1).
[2017.06.04-15.22.54:917][  0]LogContentBrowser: Native class hierarchy updated for 'HierarchicalLODOutliner' in 0.0004 seconds. Added 1 classes and 2 folders.
[2017.06.04-15.22.54:917][  0]LogLoad: (Engine Initialization) Total time: 11.58 seconds
[2017.06.04-15.22.54:917][  0]LogLoad: (Engine Initialization) Total Blueprint compile time: 0.08 seconds
[2017.06.04-15.22.54:917][  0]LogExternalProfiler: No external profilers were discovered.  External profiling features will not be available.
[2017.06.04-15.22.54:926][  0]LogOcInput: OculusInput pre-init called
[2017.06.04-15.22.54:926][  0]LogHMD: Starting GearVRController plugin
[2017.06.04-15.22.54:936][  0]LogAssetRegistry: Asset discovery search completed in 6.3925 seconds
[2017.06.04-15.22.54:937][  0]LogCollectionManager: Rebuilt the object cache for 0 collections in 0.000001 seconds (found 0 objects)
[2017.06.04-15.22.54:937][  0]LogCollectionManager: Fixed up redirectors for 0 collections in 0.000024 seconds (updated 0 objects)
[2017.06.04-15.22.54:940][  0]LogContentStreaming: Texture pool size now 1000 MB
[2017.06.04-15.24.38:767][329]LogSlate: Took 0.000186 seconds to synchronously load lazily loaded font '../../../Engine/Content/Slate/Fonts/Roboto-Light.ttf' (159K)
[2017.06.04-15.24.40:952][590]Cmd: MAP LOAD FILE="C:/Users/Jeremy/Documents/Unreal Projects/Lewt/Content/SideScrollerBP/Maps/TestMap.umap" TEMPLATE=0 SHOWPROGRESS=1 FEATURELEVEL=3
[2017.06.04-15.24.40:956][590]LogSlate: Took 0.000188 seconds to synchronously load lazily loaded font '../../../Engine/Content/Slate/Fonts/Roboto-Light.ttf' (159K)
[2017.06.04-15.24.40:961][590]LightingResults: New page: Lighting Build
[2017.06.04-15.24.40:962][590]LoadErrors: New page: Loading map: TestMap.umap
[2017.06.04-15.24.40:964][590]MapCheck: New page: Map Check
[2017.06.04-15.24.40:964][590]LightingResults: New page: Lighting Build
[2017.06.04-15.24.40:989][590]LogAIModule: Creating AISystem for world TestMap
[2017.06.04-15.24.40:995][590]LogEditorServer: Finished looking for orphan Actors (0.000 secs)
[2017.06.04-15.24.41:019][590]Cmd: MAP CHECKDEP NOCLEARLOG
[2017.06.04-15.24.41:061][590]MapCheck: Info Map check complete: 0 Error(s), 0 Warning(s), took 41.677ms to complete.
[2017.06.04-15.24.41:061][590]LogFileHelpers: Loading map 'TestMap' took 0.109
[2017.06.04-15.24.49:209][547]LogEditorViewport: Clicking on Actor (LMB): Testai_C (Testai)
[2017.06.04-15.25.09:042][841]Cmd: DELETE
[2017.06.04-15.25.09:042][841]Cmd: ACTOR DELETE
[2017.06.04-15.25.09:257][841]LogEditorActor: Deleted Actor: Brush
[2017.06.04-15.25.09:290][841]LogEditorActor: Deleted 1 Actors (0.248 secs)
[2017.06.04-15.25.10:152][940]Cmd: DELETE
[2017.06.04-15.25.10:152][940]Cmd: ACTOR DELETE
[2017.06.04-15.25.10:152][940]LogEditorActor: Deleted Actor: Brush
[2017.06.04-15.25.10:172][940]LogEditorActor: Deleted 1 Actors (0.020 secs)
[2017.06.04-15.25.10:896][ 23]Cmd: DELETE
[2017.06.04-15.25.10:896][ 23]Cmd: ACTOR DELETE
[2017.06.04-15.25.10:896][ 23]LogEditorActor: Deleted Actor: Brush
[2017.06.04-15.25.10:915][ 23]LogEditorActor: Deleted 1 Actors (0.020 secs)
[2017.06.04-15.25.29:051][171]Cmd: DELETE
[2017.06.04-15.25.29:051][171]Cmd: ACTOR DELETE
[2017.06.04-15.25.29:051][171]LogEditorActor: Deleted Actor: Brush
[2017.06.04-15.25.29:072][171]LogEditorActor: Deleted 1 Actors (0.020 secs)
[2017.06.04-15.25.29:757][249]Cmd: DELETE
[2017.06.04-15.25.29:757][249]Cmd: ACTOR DELETE
[2017.06.04-15.25.29:758][249]LogEditorActor: Deleted Actor: Brush
[2017.06.04-15.25.29:769][249]LogEditorActor: Deleted 1 Actors (0.011 secs)
[2017.06.04-15.25.30:245][302]Cmd: DELETE
[2017.06.04-15.25.30:245][302]Cmd: ACTOR DELETE
[2017.06.04-15.25.30:245][302]LogEditorActor: Deleted Actor: Brush
[2017.06.04-15.25.30:265][302]LogEditorActor: Deleted 1 Actors (0.020 secs)
[2017.06.04-15.25.52:635][879]Cmd: BRUSH ADD SELECTNEWBRUSH
[2017.06.04-15.27.11:177][928]LogEditorViewport: Clicking Background
[2017.06.04-15.28.23:009][503]LogEditorViewport: Clicking Background
[2017.06.04-15.28.28:324][130]LogEditorViewport: Clicking on Actor (LMB): DirectionalLight (DirectionalLight)
[2017.06.04-15.29.12:394][256]MapCheck: New page: Map Check
[2017.06.04-15.29.12:405][256]Cmd: MAP REBUILD ALLVISIBLE
[2017.06.04-15.29.12:406][256]LogEditorServer: Rebuildmap Clear paths rebuilt
[2017.06.04-15.29.12:465][256]LogMaterial: Missing cached shader map for material FDebugViewModeMaterialProxy WorldGridMaterial, compiling. Is special engine material.
[2017.06.04-15.29.12:471][256]LogMaterial: Missing cached shader map for material FDebugViewModeMaterialProxy M_UE4Man_Body, compiling. 
[2017.06.04-15.29.12:478][256]LogMaterial: Missing cached shader map for material FDebugViewModeMaterialProxy M_UE4Man_ChestLogo, compiling. 
[2017.06.04-15.29.13:091][256]TextureStreamingBuild:Display: Compiling optional shaders took 0.631 seconds.
[2017.06.04-15.29.13:099][256]LogLevel:Display: Export Material TexCoord Scales took 0.008 seconds.
[2017.06.04-15.29.13:102][256]TextureStreamingBuild:Display: Build Texture Streaming took 0.002 seconds.
[2017.06.04-15.29.13:107][256]LightingResults: New page: Lighting Build - Jun 4, 2017, 7:29:13 AM
[2017.06.04-15.29.13:136][256]LogSwarmInterface: [OpenConnection] Registering TCP channel ...
[2017.06.04-15.29.13:177][256]LogSwarmInterface: [OpenConnection] Connecting to agent ...
[2017.06.04-15.29.13:183][256]LogSwarmInterface: [TryOpenConnection] Testing the Agent
[2017.06.04-15.29.13:689][256]LogSwarmInterface: [TryOpenConnection] Opening Connection to Agent
[2017.06.04-15.29.13:689][256]LogSwarmInterface: [TryOpenConnection] Local Process ID is 8712
[2017.06.04-15.29.15:770][256]LogStaticLightingSystem:Warning: No importance volume found, so the scene bounding box was used.  You can optimize your scene's quality and lighting build times by adding importance volumes.
[2017.06.04-15.29.15:770][256]LogStaticLightingSystem: Running Lightmass w/ ImmediateImport mode ENABLED
[2017.06.04-15.29.15:770][256]LogStaticLightingSystem: Running Lightmass w/ ImmediateProcess mode ENABLED
[2017.06.04-15.29.15:770][256]LogStaticLightingSystem: Running Lightmass w/ Sorting mode ENABLED
[2017.06.04-15.29.15:770][256]LogStaticLightingSystem: Running Lightmass w/ Mapping paddings ENABLED
[2017.06.04-15.29.15:770][256]LogStaticLightingSystem: Running Lightmass w/ Mapping debug paddings DISABLED
[2017.06.04-15.29.15:829][256]Cmd: MAP CHECK DONTDISPLAYDIALOG
[2017.06.04-15.29.15:830][256]MapCheck: New page: TestMap - Jun 4, 2017, 7:29:15 AM
[2017.06.04-15.29.15:872][256]MapCheck: Info Map check complete: 0 Error(s), 0 Warning(s), took 43.032ms to complete.
[2017.06.04-15.29.15:894][256]LogEditorBuildUtils: Build time 0:03
[2017.06.04-15.29.18:564][487]Job is a success!
[2017.06.04-15.29.18:783][488]LogTexture:Display: Building textures: HQ_Lightmap0_1 (AutoDXT, 1024X1024)
[2017.06.04-15.29.18:783][488]LogTexture:Display: Building textures: LQ_Lightmap_0_1 (DXT1, 1024X1024)
[2017.06.04-15.29.18:783][488]LogTexture:Display: Building textures: ShadowMapTexture2D_1 (G8, 512X512)
[2017.06.04-15.29.18:809][488]Lightmass on DESKTOP-C39FOTP: 2.52 sec total, 71 ms importing, 14 ms setup, 583 ms photons, 1.83 sec processing, 0 ms extra exporting [18/18 mappings]. Threads: 12.6 sec total, 8.51 sec processing.
[2017.06.04-15.29.18:819][488]LogStaticLightingSystem: Illumination: 5.70 sec (115 ms encoding lightmaps, 45 ms encoding shadowmaps)
[2017.06.04-15.29.18:819][488]LogStaticLightingSystem: Lightmap texture memory:  2.0 MB (0.0 MB streaming, 2.0 MB non-streaming), 2 textures
[2017.06.04-15.29.18:819][488]LogStaticLightingSystem: Shadowmap texture memory: 0.3 MB (0.0 MB streaming, 0.3 MB non-streaming), 1 textures
[2017.06.04-15.29.19:772][488]DumpUnbuiltLightIteractions
[2017.06.04-15.29.19:772][488]Lights with unbuilt interactions: 0
[2017.06.04-15.29.19:772][488]
[2017.06.04-15.29.19:772][488]Primitives with unbuilt interactions: 0
[2017.06.04-15.29.19:779][489]Cmd: MAP CHECK NOTIFYRESULTS
[2017.06.04-15.29.19:779][489]MapCheck: New page: TestMap - Jun 4, 2017, 7:29:19 AM
[2017.06.04-15.29.19:822][489]MapCheck: Info Map check complete: 0 Error(s), 0 Warning(s), took 42.339ms to complete.
[2017.06.04-15.29.50:136][ 93]LogEditorViewport: Clicking Background
[2017.06.04-15.30.22:082][876]LogEditorViewport: Clicking Background
[2017.06.04-15.30.51:700][387]Cmd: POLY TEXPAN U=1.000000 V=0.000000
[2017.06.04-15.30.52:026][425]Cmd: POLY TEXPAN U=1.000000 V=0.000000
[2017.06.04-15.30.52:376][467]Cmd: POLY TEXPAN U=1.000000 V=0.000000
[2017.06.04-15.30.52:617][496]Cmd: POLY TEXPAN U=1.000000 V=0.000000
[2017.06.04-15.30.52:842][523]Cmd: POLY TEXPAN U=1.000000 V=0.000000
[2017.06.04-15.30.53:034][546]Cmd: POLY TEXPAN U=1.000000 V=0.000000
[2017.06.04-15.30.53:209][567]Cmd: POLY TEXPAN U=1.000000 V=0.000000
[2017.06.04-15.30.53:367][586]Cmd: POLY TEXPAN U=1.000000 V=0.000000
[2017.06.04-15.30.53:534][606]Cmd: POLY TEXPAN U=1.000000 V=0.000000
[2017.06.04-15.30.53:709][627]Cmd: POLY TEXPAN U=1.000000 V=0.000000
[2017.06.04-15.30.53:876][647]Cmd: POLY TEXPAN U=1.000000 V=0.000000
[2017.06.04-15.30.54:051][668]Cmd: POLY TEXPAN U=1.000000 V=0.000000
[2017.06.04-15.30.54:234][690]Cmd: POLY TEXPAN U=1.000000 V=0.000000
[2017.06.04-15.30.54:409][711]Cmd: POLY TEXPAN U=1.000000 V=0.000000
[2017.06.04-15.30.54:609][735]Cmd: POLY TEXPAN U=1.000000 V=0.000000
[2017.06.04-15.30.54:768][754]Cmd: POLY TEXPAN U=1.000000 V=0.000000
[2017.06.04-15.30.54:909][771]Cmd: POLY TEXPAN U=1.000000 V=0.000000
[2017.06.04-15.30.55:051][788]Cmd: POLY TEXPAN U=1.000000 V=0.000000
[2017.06.04-15.30.55:218][808]Cmd: POLY TEXPAN U=1.000000 V=0.000000
[2017.06.04-15.30.55:376][827]Cmd: POLY TEXPAN U=1.000000 V=0.000000
[2017.06.04-15.30.55:634][858]Cmd: POLY TEXPAN U=1.000000 V=0.000000
[2017.06.04-15.30.56:042][907]Cmd: POLY TEXPAN U=1.000000 V=0.000000
[2017.06.04-15.30.56:217][928]Cmd: POLY TEXPAN U=1.000000 V=0.000000
[2017.06.04-15.30.56:367][946]Cmd: POLY TEXPAN U=1.000000 V=0.000000
[2017.06.04-15.30.56:534][966]Cmd: POLY TEXPAN U=1.000000 V=0.000000
[2017.06.04-15.30.56:709][987]Cmd: POLY TEXPAN U=1.000000 V=0.000000
[2017.06.04-15.30.56:876][  7]Cmd: POLY TEXPAN U=1.000000 V=0.000000
[2017.06.04-15.30.57:043][ 27]Cmd: POLY TEXPAN U=1.000000 V=0.000000
[2017.06.04-15.30.57:218][ 48]Cmd: POLY TEXPAN U=1.000000 V=0.000000
[2017.06.04-15.30.57:393][ 69]Cmd: POLY TEXPAN U=1.000000 V=0.000000
[2017.06.04-15.30.57:559][ 89]Cmd: POLY TEXPAN U=1.000000 V=0.000000
[2017.06.04-15.30.57:717][108]Cmd: POLY TEXPAN U=1.000000 V=0.000000
[2017.06.04-15.30.59:789][348]LogEditorViewport: Clicking Background
[2017.06.04-15.31.05:212][984]Cmd: POLY TEXPAN U=1.000000 V=0.000000
[2017.06.04-15.31.05:371][  3]Cmd: POLY TEXPAN U=1.000000 V=0.000000
[2017.06.04-15.31.05:546][ 24]Cmd: POLY TEXPAN U=1.000000 V=0.000000
[2017.06.04-15.31.05:721][ 45]Cmd: POLY TEXPAN U=1.000000 V=0.000000
[2017.06.04-15.31.11:914][788]Cmd: POLY TEXPAN U=0.000000 V=1.000000
[2017.06.04-15.31.12:089][809]Cmd: POLY TEXPAN U=0.000000 V=1.000000
[2017.06.04-15.31.12:273][831]Cmd: POLY TEXPAN U=0.000000 V=1.000000
[2017.06.04-15.31.12:464][854]Cmd: POLY TEXPAN U=0.000000 V=1.000000
[2017.06.04-15.31.12:639][875]Cmd: POLY TEXPAN U=0.000000 V=1.000000
[2017.06.04-15.31.12:780][892]Cmd: POLY TEXPAN U=0.000000 V=1.000000
[2017.06.04-15.31.13:522][981]Cmd: POLY TEXPAN U=0.000000 V=1.000000
[2017.06.04-15.31.14:289][ 73]Cmd: POLY TEXPAN U=0.000000 V=16.000000
[2017.06.04-15.31.14:881][144]Cmd: POLY TEXPAN U=0.000000 V=16.000000
[2017.06.04-15.31.15:339][199]Cmd: POLY TEXPAN U=0.000000 V=16.000000
[2017.06.04-15.31.15:764][250]Cmd: POLY TEXPAN U=0.000000 V=16.000000
[2017.06.04-15.31.16:181][300]Cmd: POLY TEXPAN U=0.000000 V=16.000000
[2017.06.04-15.31.17:764][490]Cmd: POLY TEXPAN U=0.000000 V=1.000000
[2017.06.04-15.31.17:939][511]Cmd: POLY TEXPAN U=0.000000 V=1.000000
[2017.06.04-15.31.18:123][533]Cmd: POLY TEXPAN U=0.000000 V=1.000000
[2017.06.04-15.31.18:431][570]Cmd: POLY TEXPAN U=0.000000 V=1.000000
[2017.06.04-15.31.18:873][623]Cmd: POLY TEXPAN U=0.000000 V=1.000000
[2017.06.04-15.31.19:473][695]Cmd: POLY TEXPAN U=0.000000 V=1.000000
[2017.06.04-15.31.19:881][744]Cmd: POLY TEXPAN U=0.000000 V=1.000000
[2017.06.04-15.31.20:064][766]Cmd: POLY TEXPAN U=0.000000 V=1.000000
[2017.06.04-15.31.20:214][784]Cmd: POLY TEXPAN U=0.000000 V=1.000000
[2017.06.04-15.31.20:348][800]Cmd: POLY TEXPAN U=0.000000 V=1.000000
[2017.06.04-15.31.20:514][820]Cmd: POLY TEXPAN U=0.000000 V=1.000000
[2017.06.04-15.31.20:656][837]Cmd: POLY TEXPAN U=0.000000 V=1.000000
[2017.06.04-15.31.20:814][856]Cmd: POLY TEXPAN U=0.000000 V=1.000000
[2017.06.04-15.31.20:973][875]Cmd: POLY TEXPAN U=0.000000 V=1.000000
[2017.06.04-15.31.21:098][890]Cmd: POLY TEXPAN U=0.000000 V=1.000000
[2017.06.04-15.31.21:264][910]Cmd: POLY TEXPAN U=0.000000 V=1.000000
[2017.06.04-15.31.21:414][928]Cmd: POLY TEXPAN U=0.000000 V=1.000000
[2017.06.04-15.31.21:589][949]Cmd: POLY TEXPAN U=0.000000 V=1.000000
[2017.06.04-15.31.21:939][991]Cmd: POLY TEXPAN U=0.000000 V=1.000000
[2017.06.04-15.31.22:131][ 14]Cmd: POLY TEXPAN U=0.000000 V=1.000000
[2017.06.04-15.31.22:248][ 28]Cmd: POLY TEXPAN U=0.000000 V=1.000000
[2017.06.04-15.31.22:431][ 50]Cmd: POLY TEXPAN U=0.000000 V=1.000000
[2017.06.04-15.31.22:590][ 69]Cmd: POLY TEXPAN U=0.000000 V=1.000000
[2017.06.04-15.31.22:764][ 90]Cmd: POLY TEXPAN U=0.000000 V=1.000000
[2017.06.04-15.31.22:948][112]Cmd: POLY TEXPAN U=0.000000 V=1.000000
[2017.06.04-15.31.23:114][132]Cmd: POLY TEXPAN U=0.000000 V=1.000000
[2017.06.04-15.31.23:306][155]Cmd: POLY TEXPAN U=0.000000 V=1.000000
[2017.06.04-15.31.23:464][174]Cmd: POLY TEXPAN U=0.000000 V=1.000000
[2017.06.04-15.31.23:639][195]Cmd: POLY TEXPAN U=0.000000 V=1.000000
[2017.06.04-15.31.23:814][216]Cmd: POLY TEXPAN U=0.000000 V=1.000000
[2017.06.04-15.31.24:006][239]Cmd: POLY TEXPAN U=0.000000 V=1.000000
[2017.06.04-15.31.24:473][295]Cmd: POLY TEXPAN U=0.000000 V=1.000000
[2017.06.04-15.31.25:368][402]LogEditorViewport: Clicking Background
[2017.06.04-15.31.52:971][700]LogEditorViewport: Clicking on Actor (LMB): Testai_C (Testai)
[2017.06.04-15.32.00:166][498]LogEditorViewport: Clicking Background
[2017.06.04-15.32.37:719][975]LogEditorViewport: Clicking on Actor (LMB): NavMeshBoundsVolume (NavMeshBoundsVolume)
[2017.06.04-15.33.05:488][199]LogEditorViewport: Clicking Background
[2017.06.04-15.33.06:768][340]LogEditorViewport: Clicking on Actor (LMB): NavMeshBoundsVolume (NavMeshBoundsVolume)
[2017.06.04-15.33.20:448][957]LogTemp: Repeting last play command: Simulate
[2017.06.04-15.33.20:466][957]LogBlueprintUserMessages: Early PlayInEditor Detection: Level '/Game/SideScrollerBP/Maps/TestMap.TestMap:PersistentLevel' has LevelScriptBlueprint '/Game/SideScrollerBP/Maps/TestMap.TestMap:PersistentLevel.TestMap' with GeneratedClass '/Game/SideScrollerBP/Maps/TestMap.TestMap_C' with ClassGeneratedBy '/Game/SideScrollerBP/Maps/TestMap.TestMap:PersistentLevel.TestMap'
[2017.06.04-15.33.20:466][957]LogPlayLevel: PlayLevel: No blueprints needed recompiling
[2017.06.04-15.33.20:466][957]PIE: New page: SIE session: TestMap (Jun 4, 2017, 7:33:20 AM)
[2017.06.04-15.33.20:466][957]LogPlayLevel: Creating play world package: /Game/SideScrollerBP/Maps/UEDPIE_0_TestMap
[2017.06.04-15.33.20:470][957]LogPlayLevel: PIE: StaticDuplicateObject took: (0.003845s)
[2017.06.04-15.33.20:471][957]LogAIModule: Creating AISystem for world TestMap
[2017.06.04-15.33.20:471][957]LogPlayLevel: PIE: World Init took: (0.000678s)
[2017.06.04-15.33.20:471][957]LogPlayLevel: PIE: Created PIE world by copying editor world from /Game/SideScrollerBP/Maps/TestMap.TestMap to /Game/SideScrollerBP/Maps/UEDPIE_0_TestMap.TestMap (0.004717s)
[2017.06.04-15.33.20:492][957]LogInit: XAudio2 using 'Speakers (Realtek High Definition Audio)' : 6 channels at 48 kHz using 32 bits per sample (channel mask 0x3f)
[2017.06.04-15.33.20:511][957]LogInit: FAudioDevice initialized.
[2017.06.04-15.33.20:549][957]LogLoad: Game class is 'SideScrollerGameMode_C'
[2017.06.04-15.33.20:551][957]LogWorld: Bringing World /Game/SideScrollerBP/Maps/UEDPIE_0_TestMap.TestMap up for play (max tick rate 0) at 2017.06.04-11.33.20
[2017.06.04-15.33.20:758][957]LogWorld: Bringing up level for play took: 0.207190
[2017.06.04-15.33.20:782][957]LogContentBrowser: Native class hierarchy updated for 'MovieSceneCapture' in 0.0005 seconds. Added 11 classes and 0 folders.
[2017.06.04-15.33.20:783][957]PIE: Info Play in editor start time for /Game/SideScrollerBP/Maps/UEDPIE_0_TestMap 0.614
[2017.06.04-15.33.20:796][957]LogBlueprintUserMessages: Late PlayInEditor Detection: Level '/Game/SideScrollerBP/Maps/TestMap.TestMap:PersistentLevel' has LevelScriptBlueprint '/Game/SideScrollerBP/Maps/TestMap.TestMap:PersistentLevel.TestMap' with GeneratedClass '/Game/SideScrollerBP/Maps/TestMap.TestMap_C' with ClassGeneratedBy '/Game/SideScrollerBP/Maps/TestMap.TestMap:PersistentLevel.TestMap'
[2017.06.04-15.33.25:137][394]LogBlueprintUserMessages: Early EndPlayMap Detection: Level '/Game/SideScrollerBP/Maps/TestMap.TestMap:PersistentLevel' has LevelScriptBlueprint '/Game/SideScrollerBP/Maps/TestMap.TestMap:PersistentLevel.TestMap' with GeneratedClass '/Game/SideScrollerBP/Maps/TestMap.TestMap_C' with ClassGeneratedBy '/Game/SideScrollerBP/Maps/TestMap.TestMap:PersistentLevel.TestMap'
[2017.06.04-15.33.25:177][394]LogBlueprintUserMessages: Late EndPlayMap Detection: Level '/Game/SideScrollerBP/Maps/TestMap.TestMap:PersistentLevel' has LevelScriptBlueprint '/Game/SideScrollerBP/Maps/TestMap.TestMap:PersistentLevel.TestMap' with GeneratedClass '/Game/SideScrollerBP/Maps/TestMap.TestMap_C' with ClassGeneratedBy '/Game/SideScrollerBP/Maps/TestMap.TestMap:PersistentLevel.TestMap'
[2017.06.04-15.33.29:384][878]LogBlueprintUserMessages: Early PlayInEditor Detection: Level '/Game/SideScrollerBP/Maps/TestMap.TestMap:PersistentLevel' has LevelScriptBlueprint '/Game/SideScrollerBP/Maps/TestMap.TestMap:PersistentLevel.TestMap' with GeneratedClass '/Game/SideScrollerBP/Maps/TestMap.TestMap_C' with ClassGeneratedBy '/Game/SideScrollerBP/Maps/TestMap.TestMap:PersistentLevel.TestMap'
[2017.06.04-15.33.29:384][878]LogPlayLevel: PlayLevel: No blueprints needed recompiling
[2017.06.04-15.33.29:384][878]PIE: New page: PIE session: TestMap (Jun 4, 2017, 7:33:29 AM)
[2017.06.04-15.33.29:384][878]LogPlayLevel: Creating play world package: /Game/SideScrollerBP/Maps/UEDPIE_0_TestMap
[2017.06.04-15.33.29:387][878]LogPlayLevel: PIE: StaticDuplicateObject took: (0.002742s)
[2017.06.04-15.33.29:387][878]LogAIModule: Creating AISystem for world TestMap
[2017.06.04-15.33.29:387][878]LogPlayLevel: PIE: World Init took: (0.000438s)
[2017.06.04-15.33.29:387][878]LogPlayLevel: PIE: Created PIE world by copying editor world from /Game/SideScrollerBP/Maps/TestMap.TestMap to /Game/SideScrollerBP/Maps/UEDPIE_0_TestMap.TestMap (0.003346s)
[2017.06.04-15.33.29:406][878]LogInit: XAudio2 using 'Speakers (Realtek High Definition Audio)' : 6 channels at 48 kHz using 32 bits per sample (channel mask 0x3f)
[2017.06.04-15.33.29:425][878]LogInit: FAudioDevice initialized.
[2017.06.04-15.33.29:454][878]LogLoad: Game class is 'SideScrollerGameMode_C'
[2017.06.04-15.33.29:456][878]LogWorld: Bringing World /Game/SideScrollerBP/Maps/UEDPIE_0_TestMap.TestMap up for play (max tick rate 0) at 2017.06.04-11.33.29
[2017.06.04-15.33.29:456][878]LogWorld: Bringing up level for play took: 0.001146
[2017.06.04-15.33.29:457][878]PIE: Info Play in editor start time for /Game/SideScrollerBP/Maps/UEDPIE_0_TestMap -0.712
[2017.06.04-15.33.29:457][878]LogBlueprintUserMessages: Late PlayInEditor Detection: Level '/Game/SideScrollerBP/Maps/TestMap.TestMap:PersistentLevel' has LevelScriptBlueprint '/Game/SideScrollerBP/Maps/TestMap.TestMap:PersistentLevel.TestMap' with GeneratedClass '/Game/SideScrollerBP/Maps/TestMap.TestMap_C' with ClassGeneratedBy '/Game/SideScrollerBP/Maps/TestMap.TestMap:PersistentLevel.TestMap'
[2017.06.04-15.34.36:159][859]LogBlueprintUserMessages: Early EndPlayMap Detection: Level '/Game/SideScrollerBP/Maps/TestMap.TestMap:PersistentLevel' has LevelScriptBlueprint '/Game/SideScrollerBP/Maps/TestMap.TestMap:PersistentLevel.TestMap' with GeneratedClass '/Game/SideScrollerBP/Maps/TestMap.TestMap_C' with ClassGeneratedBy '/Game/SideScrollerBP/Maps/TestMap.TestMap:PersistentLevel.TestMap'
[2017.06.04-15.34.36:200][859]LogBlueprintUserMessages: Late EndPlayMap Detection: Level '/Game/SideScrollerBP/Maps/TestMap.TestMap:PersistentLevel' has LevelScriptBlueprint '/Game/SideScrollerBP/Maps/TestMap.TestMap:PersistentLevel.TestMap' with GeneratedClass '/Game/SideScrollerBP/Maps/TestMap.TestMap_C' with ClassGeneratedBy '/Game/SideScrollerBP/Maps/TestMap.TestMap:PersistentLevel.TestMap'
[2017.06.04-15.34.38:894][140]LogEditorViewport: Clicking on Actor (LMB): Testai_C (Testai)
[2017.06.04-15.34.40:792][360]LogEditorViewport: Clicking on Actor (LMB): Testai_C (Testai)
[2017.06.04-15.34.41:055][365]LogEditorViewport: Clicking on Component (LMB): SkeletalMeshComponent (CharacterMesh0)
[2017.06.04-15.34.42:098][486]LogEditorViewport: Clicking on Component (LMB): SkeletalMeshComponent (CharacterMesh0)
[2017.06.04-15.34.42:315][510]LogEditorViewport: Clicking on Actor (double click): Testai_C (Testai)
[2017.06.04-15.34.44:543][765]LogEditorViewport: Clicking Background
[2017.06.04-15.35.04:719][154]LogEditorViewport: Clicking on Actor (LMB): NavMeshBoundsVolume (NavMeshBoundsVolume)
[2017.06.04-15.35.41:856][453]LogActorComponent: UnregisterComponent: (/Engine/Transient.SphereBrushComponent) Not registered. Aborting.
[2017.06.04-15.35.47:373][ 97]LogEditorViewport: Clicking on Actor (LMB): NavMeshBoundsVolume (NavMeshBoundsVolume)
[2017.06.04-15.36.01:847][748]LogEditorViewport: Clicking Background
[2017.06.04-15.36.22:151][384]LogSlate: Took 0.000199 seconds to synchronously load lazily loaded font '../../../Engine/Content/Slate/Fonts/Roboto-Light.ttf' (159K)
[2017.06.04-15.36.31:456][411]LogSavePackage: Save=59.12ms
[2017.06.04-15.36.31:456][411]LogSavePackage: Moving 'C:/Users/Jeremy/Documents/Unreal Projects/Lewt/Saved/TestMap_Auto1CA15421E463825A4CA1E46909B532746.tmp' to 'C:/Users/Jeremy/Documents/Unreal Projects/Lewt/Saved/Autosaves/Game/SideScrollerBP/Maps/TestMap_Auto1.umap'
[2017.06.04-15.36.31:457][411]LogSavePackage:Display: Finished SavePackage C:/Users/Jeremy/Documents/Unreal Projects/Lewt/Saved/Autosaves/Game/SideScrollerBP/Maps/TestMap_Auto1.umap
[2017.06.04-15.36.31:458][411]LogFileHelpers: Editor autosave (incl. sublevels) for '/Game/SideScrollerBP/Maps/TestMap' took 0.291
[2017.06.04-15.36.31:458][411]LogFileHelpers: Editor autosave (incl. sublevels) for all levels took 0.291
[2017.06.04-15.36.31:490][411]OBJ SavePackage: Generating thumbnails for [0] asset(s) in package [/Game/SideScrollerBP/Maps/TestMap_BuiltData] ([1] browsable assets)...
[2017.06.04-15.36.31:490][411]OBJ SavePackage: Finished generating thumbnails for package [/Game/SideScrollerBP/Maps/TestMap_BuiltData]
[2017.06.04-15.36.31:501][411]LogSavePackage: Save=7.55ms
[2017.06.04-15.36.31:501][411]LogSavePackage: Moving 'C:/Users/Jeremy/Documents/Unreal Projects/Lewt/Saved/TestMap_BuiltData_Auto1D9587AA64AE75E7765D39FB3883557A4.tmp' to 'C:/Users/Jeremy/Documents/Unreal Projects/Lewt/Saved/Autosaves/Game/SideScrollerBP/Maps/TestMap_BuiltData_Auto1.uasset'
[2017.06.04-15.36.31:502][411]LogSavePackage:Display: Finished SavePackage C:/Users/Jeremy/Documents/Unreal Projects/Lewt/Saved/Autosaves/Game/SideScrollerBP/Maps/TestMap_BuiltData_Auto1.uasset
[2017.06.04-15.36.31:502][411]LogFileHelpers: Auto-saving content packages took 0.023
[2017.06.04-15.37.26:515][278]LogActor:Warning: VREditorButton /Engine/Transient.World_11:PersistentLevel.VREditorButton_0 has natively added scene component(s), but none of them were set as the actor's RootComponent - picking one arbitrarily
[2017.06.04-15.39.21:037][545]LogEditorViewport: Clicking on Actor (LMB): Testai_C (Testai)
[2017.06.04-15.39.25:357][ 16]LogContentBrowser: Native class hierarchy updated for 'BlueprintGraph' in 0.0007 seconds. Added 112 classes and 0 folders.
[2017.06.04-15.39.25:753][ 16]LogSlate: Took 0.000197 seconds to synchronously load lazily loaded font '../../../Engine/Content/Editor/Slate/Fonts/Roboto-BoldCondensed.ttf' (158K)
[2017.06.04-15.39.31:243][526]LogSlate: Took 0.000212 seconds to synchronously load lazily loaded font '../../../Engine/Content/Editor/Slate/Fonts/Roboto-Italic.ttf' (157K)
[2017.06.04-15.42.15:829][879]LogEditorViewport: Clicking on Actor (LMB): PlayerStart (PlayerStart)
[2017.06.04-15.44.03:839][768]BlueprintLog: New page: Compile TestMap
[2017.06.04-15.44.08:223][259]LogEditorViewport: Clicking on Actor (LMB): Testai_C (Testai)
[2017.06.04-15.44.08:969][341]LogEditorViewport: Clicking on Actor (LMB): Testai_C (Testai)
[2017.06.04-15.44.09:148][360]LogEditorViewport: Clicking on Component (LMB): SkeletalMeshComponent (CharacterMesh0)
[2017.06.04-15.44.09:740][427]LogEditorViewport: Clicking on Component (LMB): SkeletalMeshComponent (CharacterMesh0)
[2017.06.04-15.44.09:774][429]LogEditorViewport: Clicking on Actor (double click): Testai_C (Testai)
[2017.06.04-15.44.21:874][722]LogTemp: Repeting last play command: Selected Viewport
[2017.06.04-15.44.21:889][722]LogBlueprintUserMessages: Early PlayInEditor Detection: Level '/Game/SideScrollerBP/Maps/TestMap.TestMap:PersistentLevel' has LevelScriptBlueprint '/Game/SideScrollerBP/Maps/TestMap.TestMap:PersistentLevel.TestMap' with GeneratedClass '/Game/SideScrollerBP/Maps/TestMap.TestMap_C' with ClassGeneratedBy '/Game/SideScrollerBP/Maps/TestMap.TestMap:PersistentLevel.TestMap'
[2017.06.04-15.44.21:889][722]LogPlayLevel: PlayLevel: No blueprints needed recompiling
[2017.06.04-15.44.21:889][722]PIE: New page: PIE session: TestMap (Jun 4, 2017, 7:44:21 AM)
[2017.06.04-15.44.21:890][722]LogPlayLevel: Creating play world package: /Game/SideScrollerBP/Maps/UEDPIE_0_TestMap
[2017.06.04-15.44.21:892][722]LogPlayLevel: PIE: StaticDuplicateObject took: (0.002727s)
[2017.06.04-15.44.21:893][722]LogAIModule: Creating AISystem for world TestMap
[2017.06.04-15.44.21:893][722]LogPlayLevel: PIE: World Init took: (0.000536s)
[2017.06.04-15.44.21:893][722]LogPlayLevel: PIE: Created PIE world by copying editor world from /Game/SideScrollerBP/Maps/TestMap.TestMap to /Game/SideScrollerBP/Maps/UEDPIE_0_TestMap.TestMap (0.003401s)
[2017.06.04-15.44.21:917][722]LogInit: XAudio2 using 'Speakers (Realtek High Definition Audio)' : 6 channels at 48 kHz using 32 bits per sample (channel mask 0x3f)
[2017.06.04-15.44.21:935][722]LogInit: FAudioDevice initialized.
[2017.06.04-15.44.21:963][722]LogLoad: Game class is 'SideScrollerGameMode_C'
[2017.06.04-15.44.21:964][722]LogWorld: Bringing World /Game/SideScrollerBP/Maps/UEDPIE_0_TestMap.TestMap up for play (max tick rate 0) at 2017.06.04-11.44.21
[2017.06.04-15.44.21:965][722]LogWorld: Bringing up level for play took: 0.001186
[2017.06.04-15.44.22:205][722]PIE: Info Play in editor start time for /Game/SideScrollerBP/Maps/UEDPIE_0_TestMap 0.036
[2017.06.04-15.44.22:205][722]LogBlueprintUserMessages: Late PlayInEditor Detection: Level '/Game/SideScrollerBP/Maps/TestMap.TestMap:PersistentLevel' has LevelScriptBlueprint '/Game/SideScrollerBP/Maps/TestMap.TestMap:PersistentLevel.TestMap' with GeneratedClass '/Game/SideScrollerBP/Maps/TestMap.TestMap_C' with ClassGeneratedBy '/Game/SideScrollerBP/Maps/TestMap.TestMap:PersistentLevel.TestMap'
[2017.06.04-15.44.35:385][303]LogBlueprintUserMessages: Early EndPlayMap Detection: Level '/Game/SideScrollerBP/Maps/TestMap.TestMap:PersistentLevel' has LevelScriptBlueprint '/Game/SideScrollerBP/Maps/TestMap.TestMap:PersistentLevel.TestMap' with GeneratedClass '/Game/SideScrollerBP/Maps/TestMap.TestMap_C' with ClassGeneratedBy '/Game/SideScrollerBP/Maps/TestMap.TestMap:PersistentLevel.TestMap'
[2017.06.04-15.44.35:435][303]LogBlueprintUserMessages: Late EndPlayMap Detection: Level '/Game/SideScrollerBP/Maps/TestMap.TestMap:PersistentLevel' has LevelScriptBlueprint '/Game/SideScrollerBP/Maps/TestMap.TestMap:PersistentLevel.TestMap' with GeneratedClass '/Game/SideScrollerBP/Maps/TestMap.TestMap_C' with ClassGeneratedBy '/Game/SideScrollerBP/Maps/TestMap.TestMap:PersistentLevel.TestMap'
[2017.06.04-15.44.36:310][403]LogTemp: Repeting last play command: Selected Viewport
[2017.06.04-15.44.36:321][403]LogBlueprintUserMessages: Early PlayInEditor Detection: Level '/Game/SideScrollerBP/Maps/TestMap.TestMap:PersistentLevel' has LevelScriptBlueprint '/Game/SideScrollerBP/Maps/TestMap.TestMap:PersistentLevel.TestMap' with GeneratedClass '/Game/SideScrollerBP/Maps/TestMap.TestMap_C' with ClassGeneratedBy '/Game/SideScrollerBP/Maps/TestMap.TestMap:PersistentLevel.TestMap'
[2017.06.04-15.44.36:321][403]LogPlayLevel: PlayLevel: No blueprints needed recompiling
[2017.06.04-15.44.36:321][403]PIE: New page: PIE session: TestMap (Jun 4, 2017, 7:44:36 AM)
[2017.06.04-15.44.36:321][403]LogPlayLevel: Creating play world package: /Game/SideScrollerBP/Maps/UEDPIE_0_TestMap
[2017.06.04-15.44.36:324][403]LogPlayLevel: PIE: StaticDuplicateObject took: (0.002742s)
[2017.06.04-15.44.36:324][403]LogAIModule: Creating AISystem for world TestMap
[2017.06.04-15.44.36:324][403]LogPlayLevel: PIE: World Init took: (0.000452s)
[2017.06.04-15.44.36:324][403]LogPlayLevel: PIE: Created PIE world by copying editor world from /Game/SideScrollerBP/Maps/TestMap.TestMap to /Game/SideScrollerBP/Maps/UEDPIE_0_TestMap.TestMap (0.003354s)
[2017.06.04-15.44.36:353][403]LogInit: XAudio2 using 'Speakers (Realtek High Definition Audio)' : 6 channels at 48 kHz using 32 bits per sample (channel mask 0x3f)
[2017.06.04-15.44.36:373][403]LogInit: FAudioDevice initialized.
[2017.06.04-15.44.36:406][403]LogLoad: Game class is 'SideScrollerGameMode_C'
[2017.06.04-15.44.36:407][403]LogWorld: Bringing World /Game/SideScrollerBP/Maps/UEDPIE_0_TestMap.TestMap up for play (max tick rate 0) at 2017.06.04-11.44.36
[2017.06.04-15.44.36:408][403]LogWorld: Bringing up level for play took: 0.001165
[2017.06.04-15.44.36:409][403]PIE: Info Play in editor start time for /Game/SideScrollerBP/Maps/UEDPIE_0_TestMap 0.24
[2017.06.04-15.44.36:409][403]LogBlueprintUserMessages: Late PlayInEditor Detection: Level '/Game/SideScrollerBP/Maps/TestMap.TestMap:PersistentLevel' has LevelScriptBlueprint '/Game/SideScrollerBP/Maps/TestMap.TestMap:PersistentLevel.TestMap' with GeneratedClass '/Game/SideScrollerBP/Maps/TestMap.TestMap_C' with ClassGeneratedBy '/Game/SideScrollerBP/Maps/TestMap.TestMap:PersistentLevel.TestMap'
[2017.06.04-15.44.55:598][705]LogBlueprintUserMessages: Early EndPlayMap Detection: Level '/Game/SideScrollerBP/Maps/TestMap.TestMap:PersistentLevel' has LevelScriptBlueprint '/Game/SideScrollerBP/Maps/TestMap.TestMap:PersistentLevel.TestMap' with GeneratedClass '/Game/SideScrollerBP/Maps/TestMap.TestMap_C' with ClassGeneratedBy '/Game/SideScrollerBP/Maps/TestMap.TestMap:PersistentLevel.TestMap'
[2017.06.04-15.44.55:652][705]LogBlueprintUserMessages: Late EndPlayMap Detection: Level '/Game/SideScrollerBP/Maps/TestMap.TestMap:PersistentLevel' has LevelScriptBlueprint '/Game/SideScrollerBP/Maps/TestMap.TestMap:PersistentLevel.TestMap' with GeneratedClass '/Game/SideScrollerBP/Maps/TestMap.TestMap_C' with ClassGeneratedBy '/Game/SideScrollerBP/Maps/TestMap.TestMap:PersistentLevel.TestMap'
[2017.06.04-15.46.43:153][ 65]BlueprintLog: New page: Compile TestMap
[2017.06.04-15.47.04:630][150]LogEditorViewport: Clicking on Actor (LMB): Testai_C (Testai)
[2017.06.04-15.47.42:198][245]LogSavePackage: Save=86.35ms
[2017.06.04-15.47.42:198][245]LogSavePackage: Moving 'C:/Users/Jeremy/Documents/Unreal Projects/Lewt/Saved/TestMap_Auto285B698B548A6F3A73EE2179D3125A83D.tmp' to 'C:/Users/Jeremy/Documents/Unreal Projects/Lewt/Saved/Autosaves/Game/SideScrollerBP/Maps/TestMap_Auto2.umap'
[2017.06.04-15.47.42:198][245]LogSavePackage:Display: Finished SavePackage C:/Users/Jeremy/Documents/Unreal Projects/Lewt/Saved/Autosaves/Game/SideScrollerBP/Maps/TestMap_Auto2.umap
[2017.06.04-15.47.42:201][245]LogFileHelpers: Editor autosave (incl. sublevels) for '/Game/SideScrollerBP/Maps/TestMap' took 0.109
[2017.06.04-15.47.42:201][245]LogFileHelpers: Editor autosave (incl. sublevels) for all levels took 0.109
[2017.06.04-15.50.38:150][  9]LogMetaData: Removing '/Game/SideScrollerBP/Blueprints/AI/Testai.Testai_C' ref from Metadata '/Game/SideScrollerBP/Blueprints/Testai.PackageMetaData'
[2017.06.04-15.50.38:150][  9]LogMetaData: Removing '/Game/SideScrollerBP/Blueprints/AI/Testai.Testai_C:UserConstructionScript' ref from Metadata '/Game/SideScrollerBP/Blueprints/Testai.PackageMetaData'
[2017.06.04-15.50.38:150][  9]LogMetaData: Removing '/Game/SideScrollerBP/Blueprints/AI/Testai.Testai_C:Ai Acceleration' ref from Metadata '/Game/SideScrollerBP/Blueprints/Testai.PackageMetaData'
[2017.06.04-15.50.38:150][  9]LogMetaData: Removing '/Game/SideScrollerBP/Blueprints/AI/Testai.SKEL_Testai_C:Ai Acceleration' ref from Metadata '/Game/SideScrollerBP/Blueprints/Testai.PackageMetaData'
[2017.06.04-15.50.38:150][  9]LogMetaData: Removing '/Game/SideScrollerBP/Blueprints/AI/Testai.SKEL_Testai_C:UserConstructionScript' ref from Metadata '/Game/SideScrollerBP/Blueprints/Testai.PackageMetaData'
[2017.06.04-15.50.38:150][  9]LogMetaData: Removing '/Game/SideScrollerBP/Blueprints/AI/Testai.SKEL_Testai_C' ref from Metadata '/Game/SideScrollerBP/Blueprints/Testai.PackageMetaData'
[2017.06.04-15.50.38:172][  9]Cmd: OBJ SAVEPACKAGE PACKAGE="/Game/SideScrollerBP/Blueprints/AI/Testai" FILE="C:/Users/Jeremy/Documents/Unreal Projects/Lewt/Content/SideScrollerBP/Blueprints/AI/Testai.uasset" SILENT=true
[2017.06.04-15.50.38:188][  9]LogSavePackage: Save=14.97ms
[2017.06.04-15.50.38:188][  9]LogSavePackage: Moving 'C:/Users/Jeremy/Documents/Unreal Projects/Lewt/Saved/Testai1732663448CE9B87C7EB3C9DCFF569BB.tmp' to 'C:/Users/Jeremy/Documents/Unreal Projects/Lewt/Content/SideScrollerBP/Blueprints/AI/Testai.uasset'
[2017.06.04-15.50.38:189][  9]LogSavePackage:Display: Finished SavePackage C:/Users/Jeremy/Documents/Unreal Projects/Lewt/Content/SideScrollerBP/Blueprints/AI/Testai.uasset
[2017.06.04-15.50.38:191][  9]Cmd: OBJ SAVEPACKAGE PACKAGE="/Game/SideScrollerBP/Blueprints/Testai" FILE="C:/Users/Jeremy/Documents/Unreal Projects/Lewt/Content/SideScrollerBP/Blueprints/Testai.uasset" SILENT=true
[2017.06.04-15.50.38:198][  9]LogSavePackage: Save=2.83ms
[2017.06.04-15.50.38:198][  9]LogSavePackage: Moving 'C:/Users/Jeremy/Documents/Unreal Projects/Lewt/Saved/Testai308E60B14543D4111BF1E7BCFF1239EE.tmp' to 'C:/Users/Jeremy/Documents/Unreal Projects/Lewt/Content/SideScrollerBP/Blueprints/Testai.uasset'
[2017.06.04-15.50.38:200][  9]LogSavePackage:Display: Finished SavePackage C:/Users/Jeremy/Documents/Unreal Projects/Lewt/Content/SideScrollerBP/Blueprints/Testai.uasset
[2017.06.04-15.51.57:922][889]LogMetaData: Removing '/Game/SideScrollerBP/Blueprints/AI/PlayerFollower_AI.PlayerFollower_AI:UserConstructionScript.K2Node_FunctionEntry_0' ref from Metadata '/Game/SideScrollerBP/Blueprints/AI/AIcontroller.PackageMetaData'
[2017.06.04-15.51.57:922][889]LogMetaData: Removing '/Game/SideScrollerBP/Blueprints/AI/PlayerFollower_AI.SKEL_PlayerFollower_AI_C' ref from Metadata '/Game/SideScrollerBP/Blueprints/AI/AIcontroller.PackageMetaData'
[2017.06.04-15.51.57:922][889]LogMetaData: Removing '/Game/SideScrollerBP/Blueprints/AI/PlayerFollower_AI.PlayerFollower_AI_C' ref from Metadata '/Game/SideScrollerBP/Blueprints/AI/AIcontroller.PackageMetaData'
[2017.06.04-15.51.57:922][889]LogMetaData: Removing '/Game/SideScrollerBP/Blueprints/AI/PlayerFollower_AI.PlayerFollower_AI:EventGraph.K2Node_Event_0' ref from Metadata '/Game/SideScrollerBP/Blueprints/AI/AIcontroller.PackageMetaData'
[2017.06.04-15.51.57:922][889]LogMetaData: Removing '/Game/SideScrollerBP/Blueprints/AI/PlayerFollower_AI.PlayerFollower_AI:EventGraph.K2Node_Event_1' ref from Metadata '/Game/SideScrollerBP/Blueprints/AI/AIcontroller.PackageMetaData'
[2017.06.04-15.51.57:942][889]LogSavePackage: Save=8.48ms
[2017.06.04-15.51.57:942][889]LogSavePackage: Moving 'C:/Users/Jeremy/Documents/Unreal Projects/Lewt/Saved/PlayerFollower_AIB77DA2C4476DB0B6771D558E5A03EAB1.tmp' to 'C:/Users/Jeremy/Documents/Unreal Projects/Lewt/Content/SideScrollerBP/Blueprints/AI/PlayerFollower_AI.uasset'
[2017.06.04-15.51.57:944][889]LogSavePackage:Display: Finished SavePackage C:/Users/Jeremy/Documents/Unreal Projects/Lewt/Content/SideScrollerBP/Blueprints/AI/PlayerFollower_AI.uasset
[2017.06.04-15.52.00:953][174]LogSlate:Warning: Prevented a slow task dialog from being summoned while a context menu was open
[2017.06.04-15.55.19:790][635]BlueprintLog: New page: Compile Testai
[2017.06.04-15.56.52:411][319]LogSlate:Warning: Prevented a slow task dialog from being summoned while a context menu was open
[2017.06.04-15.57.53:854][545]BlueprintLog: New page: Compile Testai
[2017.06.04-15.57.53:856][545]LogBlueprint:Error: [Compiler Testai] Error This blueprint (self) is not a AIController, therefore ' Target ' must have a connection.
[2017.06.04-15.57.54:212][545]BlueprintEditorCompileResults:Error: Error This blueprint (self) is not a AIController, therefore ' Target ' must have a connection.
[2017.06.04-15.57.54:213][545]LogBlueprint:Warning: [Compiler Testai] Warning [2110.88] Compile of Testai failed. 1 Fatal Issue(s) 0 Warning(s) [in 359 ms] (/Game/SideScrollerBP/Blueprints/AI/Testai.Testai)
[2017.06.04-15.58.16:887][856]LogSlate:Warning: Prevented a slow task dialog from being summoned while a context menu was open
[2017.06.04-15.58.20:258][156]BlueprintLog: New page: Compile Testai
[2017.06.04-15.58.20:261][156]LogBlueprint:Error: [Compiler Testai] Error This blueprint (self) is not a AIController, therefore ' Target ' must have a connection.
[2017.06.04-15.58.20:618][156]BlueprintEditorCompileResults:Error: Error This blueprint (self) is not a AIController, therefore ' Target ' must have a connection.
[2017.06.04-15.58.20:618][156]LogBlueprint:Warning: [Compiler Testai] Warning [2137.28] Compile of Testai failed. 1 Fatal Issue(s) 0 Warning(s) [in 360 ms] (/Game/SideScrollerBP/Blueprints/AI/Testai.Testai)
[2017.06.04-15.58.21:376][221]BlueprintLog: New page: Compile Testai
[2017.06.04-15.58.21:379][221]LogBlueprint:Error: [Compiler Testai] Error This blueprint (self) is not a AIController, therefore ' Target ' must have a connection.
[2017.06.04-15.58.21:558][221]BlueprintEditorCompileResults:Error: Error This blueprint (self) is not a AIController, therefore ' Target ' must have a connection.
[2017.06.04-15.58.21:559][221]LogBlueprint:Warning: [Compiler Testai] Warning [2138.22] Compile of Testai failed. 1 Fatal Issue(s) 0 Warning(s) [in 182 ms] (/Game/SideScrollerBP/Blueprints/AI/Testai.Testai)
[2017.06.04-15.58.47:780][775]BlueprintLog: New page: Compile Testai
[2017.06.04-15.58.55:313][347]LogObjectTools:Warning: ForceReplaceReferences replaced references for a transient object 'TRASH_Default__Testai_C_0' or package '/Engine/Transient'.
[2017.06.04-15.58.55:313][347]LogObjectTools:Warning: ForceReplaceReferences replaced references for a transient object 'TRASH_Default__Testai_C_2' or package '/Engine/Transient'.
[2017.06.04-15.58.55:313][347]LogObjectTools:Warning: ForceReplaceReferences replaced references for a transient object 'REINST_SKEL_PlayerFollower_AI_C_110' or package '/Engine/Transient'.
[2017.06.04-15.58.55:313][347]LogObjectTools:Warning: ForceReplaceReferences replaced references for a transient object 'REINST_Testai_C_1' or package '/Engine/Transient'.
[2017.06.04-15.58.55:313][347]LogObjectTools:Warning: ForceReplaceReferences replaced references for a transient object 'UserConstructionScript' or package '/Engine/Transient'.
[2017.06.04-15.58.55:313][347]LogObjectTools:Warning: ForceReplaceReferences replaced references for a transient object 'REINST_PlayerFollower_AI_C_109' or package '/Engine/Transient'.
[2017.06.04-15.58.55:313][347]LogObjectTools:Warning: ForceReplaceReferences replaced references for a transient object 'Testai_C_3' or package '/Engine/Transient'.
[2017.06.04-15.58.55:313][347]LogObjectTools:Warning: ForceReplaceReferences replaced references for a transient object 'Testai_C_0' or package '/Engine/Transient'.
[2017.06.04-15.58.55:313][347]LogObjectTools:Warning: ForceReplaceReferences replaced references for a transient object 'DEADCLASS_PlayerFollower_AI_C_1' or package '/Engine/Transient'.
[2017.06.04-15.58.55:313][347]LogObjectTools:Warning: ForceReplaceReferences replaced references for a transient object 'TRASH_Default__Testai_C_1' or package '/Engine/Transient'.
[2017.06.04-15.58.55:313][347]LogObjectTools:Warning: ForceReplaceReferences replaced references for a transient object 'DefaultSceneRoot_GEN_VARIABLE' or package '/Engine/Transient'.
[2017.06.04-15.58.55:313][347]LogObjectTools:Warning: ForceReplaceReferences replaced references for a transient object 'SimpleConstructionScript_0' or package '/Engine/Transient'.
[2017.06.04-15.58.55:313][347]LogObjectTools:Warning: ForceReplaceReferences replaced references for a transient object 'DEADCLASS_PlayerFollower_AI_C_0' or package '/Engine/Transient'.
[2017.06.04-15.58.55:314][347]LogObjectTools:Warning: ForceReplaceReferences replaced references for a transient object 'REINST_Testai_C_1' or package '/Engine/Transient'.
[2017.06.04-15.59.25:290][643]LogSavePackage: Save=80.52ms
[2017.06.04-15.59.25:290][643]LogSavePackage: Moving 'C:/Users/Jeremy/Documents/Unreal Projects/Lewt/Saved/TestMap_Auto3CCA42E0248A137A322F4398DEDCB1B7E.tmp' to 'C:/Users/Jeremy/Documents/Unreal Projects/Lewt/Saved/Autosaves/Game/SideScrollerBP/Maps/TestMap_Auto3.umap'
[2017.06.04-15.59.25:291][643]LogSavePackage:Display: Finished SavePackage C:/Users/Jeremy/Documents/Unreal Projects/Lewt/Saved/Autosaves/Game/SideScrollerBP/Maps/TestMap_Auto3.umap
[2017.06.04-15.59.25:294][643]LogFileHelpers: Editor autosave (incl. sublevels) for '/Game/SideScrollerBP/Maps/TestMap' took 0.101
[2017.06.04-15.59.25:294][643]LogFileHelpers: Editor autosave (incl. sublevels) for all levels took 0.101
[2017.06.04-15.59.25:295][643]OBJ SavePackage: Generating thumbnails for [1] asset(s) in package [/Game/SideScrollerBP/Blueprints/AI/Testai] ([1] browsable assets)...
[2017.06.04-15.59.25:304][643]OBJ SavePackage:     Rendered thumbnail for [Blueprint /Game/SideScrollerBP/Blueprints/AI/Testai.Testai]
[2017.06.04-15.59.25:304][643]OBJ SavePackage: Finished generating thumbnails for package [/Game/SideScrollerBP/Blueprints/AI/Testai]
[2017.06.04-15.59.25:323][643]LogSavePackage: Save=14.72ms
[2017.06.04-15.59.25:323][643]LogSavePackage: Moving 'C:/Users/Jeremy/Documents/Unreal Projects/Lewt/Saved/Testai_Auto32F7FF7A8477F35D00F7D50A18E23E3D6.tmp' to 'C:/Users/Jeremy/Documents/Unreal Projects/Lewt/Saved/Autosaves/Game/SideScrollerBP/Blueprints/AI/Testai_Auto3.uasset'
[2017.06.04-15.59.25:324][643]LogSavePackage:Display: Finished SavePackage C:/Users/Jeremy/Documents/Unreal Projects/Lewt/Saved/Autosaves/Game/SideScrollerBP/Blueprints/AI/Testai_Auto3.uasset
[2017.06.04-15.59.25:324][643]LogFileHelpers: Auto-saving content packages took 0.029
[2017.06.04-15.59.26:700][806]Cmd: OBJ SAVEPACKAGE PACKAGE="/Game/SideScrollerBP/Maps/TestMap" FILE="C:/Users/Jeremy/Documents/Unreal Projects/Lewt/Content/SideScrollerBP/Maps/TestMap.umap" SILENT=true AUTOSAVING=false KEEPDIRTY=false
[2017.06.04-15.59.26:795][806]LogSavePackage: Save=80.21ms
[2017.06.04-15.59.26:795][806]LogSavePackage: Moving 'C:/Users/Jeremy/Documents/Unreal Projects/Lewt/Saved/TestMapF45AC29B40991FA4269DD9A9A3AD6EFA.tmp' to 'C:/Users/Jeremy/Documents/Unreal Projects/Lewt/Content/SideScrollerBP/Maps/TestMap.umap'
[2017.06.04-15.59.26:798][806]LogSavePackage:Display: Finished SavePackage C:/Users/Jeremy/Documents/Unreal Projects/Lewt/Content/SideScrollerBP/Maps/TestMap.umap
[2017.06.04-15.59.26:817][806]Cmd: OBJ SAVEPACKAGE PACKAGE="/Game/SideScrollerBP/Maps/TestMap_BuiltData" FILE="C:/Users/Jeremy/Documents/Unreal Projects/Lewt/Content/SideScrollerBP/Maps/TestMap_BuiltData.uasset" SILENT=true
[2017.06.04-15.59.26:853][806]LogSavePackage: Save=32.55ms
[2017.06.04-15.59.26:853][806]LogSavePackage: Moving 'C:/Users/Jeremy/Documents/Unreal Projects/Lewt/Saved/TestMap_BuiltData9B04DE8940F551354E7C66AB1D49AE91.tmp' to 'C:/Users/Jeremy/Documents/Unreal Projects/Lewt/Content/SideScrollerBP/Maps/TestMap_BuiltData.uasset'
[2017.06.04-15.59.26:856][806]LogSavePackage:Display: Finished SavePackage C:/Users/Jeremy/Documents/Unreal Projects/Lewt/Content/SideScrollerBP/Maps/TestMap_BuiltData.uasset
[2017.06.04-15.59.31:239][328]Cmd: OBJ SAVEPACKAGE PACKAGE="/Game/SideScrollerBP/Blueprints/AI/Testai" FILE="C:/Users/Jeremy/Documents/Unreal Projects/Lewt/Content/SideScrollerBP/Blueprints/AI/Testai.uasset" SILENT=true
[2017.06.04-15.59.31:250][328]LogSavePackage: Save=8.64ms
[2017.06.04-15.59.31:250][328]LogSavePackage: Moving 'C:/Users/Jeremy/Documents/Unreal Projects/Lewt/Saved/Testai68B175BA4FE964CCD58E05AB8E8547DB.tmp' to 'C:/Users/Jeremy/Documents/Unreal Projects/Lewt/Content/SideScrollerBP/Blueprints/AI/Testai.uasset'
[2017.06.04-15.59.31:251][328]LogSavePackage:Display: Finished SavePackage C:/Users/Jeremy/Documents/Unreal Projects/Lewt/Content/SideScrollerBP/Blueprints/AI/Testai.uasset
[2017.06.04-16.05.25:947][894]BlueprintLog: New page: Compile TestMap
[2017.06.04-16.05.28:048][134]LogTemp: Repeting last play command: Selected Viewport
[2017.06.04-16.05.28:059][134]LogBlueprintUserMessages: Early PlayInEditor Detection: Level '/Game/SideScrollerBP/Maps/TestMap.TestMap:PersistentLevel' has LevelScriptBlueprint '/Game/SideScrollerBP/Maps/TestMap.TestMap:PersistentLevel.TestMap' with GeneratedClass '/Game/SideScrollerBP/Maps/TestMap.TestMap_C' with ClassGeneratedBy '/Game/SideScrollerBP/Maps/TestMap.TestMap:PersistentLevel.TestMap'
[2017.06.04-16.05.28:059][134]LogPlayLevel: PlayLevel: No blueprints needed recompiling
[2017.06.04-16.05.28:059][134]PIE: New page: PIE session: TestMap (Jun 4, 2017, 8:05:28 AM)
[2017.06.04-16.05.28:059][134]LogPlayLevel: Creating play world package: /Game/SideScrollerBP/Maps/UEDPIE_0_TestMap
[2017.06.04-16.05.28:062][134]LogPlayLevel: PIE: StaticDuplicateObject took: (0.002880s)
[2017.06.04-16.05.28:062][134]LogAIModule: Creating AISystem for world TestMap
[2017.06.04-16.05.28:062][134]LogPlayLevel: PIE: World Init took: (0.000522s)
[2017.06.04-16.05.28:062][134]LogPlayLevel: PIE: Created PIE world by copying editor world from /Game/SideScrollerBP/Maps/TestMap.TestMap to /Game/SideScrollerBP/Maps/UEDPIE_0_TestMap.TestMap (0.003546s)
[2017.06.04-16.05.28:085][134]LogInit: XAudio2 using 'Speakers (Realtek High Definition Audio)' : 6 channels at 48 kHz using 32 bits per sample (channel mask 0x3f)
[2017.06.04-16.05.28:103][134]LogInit: FAudioDevice initialized.
[2017.06.04-16.05.28:133][134]LogLoad: Game class is 'SideScrollerGameMode_C'
[2017.06.04-16.05.28:135][134]LogWorld: Bringing World /Game/SideScrollerBP/Maps/UEDPIE_0_TestMap.TestMap up for play (max tick rate 0) at 2017.06.04-12.05.28
[2017.06.04-16.05.28:135][134]LogWorld: Bringing up level for play took: 0.001315
[2017.06.04-16.05.28:137][134]PIE: Info Play in editor start time for /Game/SideScrollerBP/Maps/UEDPIE_0_TestMap -0.032
[2017.06.04-16.05.28:137][134]LogBlueprintUserMessages: Late PlayInEditor Detection: Level '/Game/SideScrollerBP/Maps/TestMap.TestMap:PersistentLevel' has LevelScriptBlueprint '/Game/SideScrollerBP/Maps/TestMap.TestMap:PersistentLevel.TestMap' with GeneratedClass '/Game/SideScrollerBP/Maps/TestMap.TestMap_C' with ClassGeneratedBy '/Game/SideScrollerBP/Maps/TestMap.TestMap:PersistentLevel.TestMap'
[2017.06.04-16.05.43:200][941]LogBlueprintUserMessages: Early EndPlayMap Detection: Level '/Game/SideScrollerBP/Maps/TestMap.TestMap:PersistentLevel' has LevelScriptBlueprint '/Game/SideScrollerBP/Maps/TestMap.TestMap:PersistentLevel.TestMap' with GeneratedClass '/Game/SideScrollerBP/Maps/TestMap.TestMap_C' with ClassGeneratedBy '/Game/SideScrollerBP/Maps/TestMap.TestMap:PersistentLevel.TestMap'
[2017.06.04-16.05.43:255][941]LogBlueprintUserMessages: Late EndPlayMap Detection: Level '/Game/SideScrollerBP/Maps/TestMap.TestMap:PersistentLevel' has LevelScriptBlueprint '/Game/SideScrollerBP/Maps/TestMap.TestMap:PersistentLevel.TestMap' with GeneratedClass '/Game/SideScrollerBP/Maps/TestMap.TestMap_C' with ClassGeneratedBy '/Game/SideScrollerBP/Maps/TestMap.TestMap:PersistentLevel.TestMap'
[2017.06.04-16.05.48:342][512]Cmd: OBJ SAVEPACKAGE PACKAGE="/Game/SideScrollerBP/Maps/TestMap" FILE="C:/Users/Jeremy/Documents/Unreal Projects/Lewt/Content/SideScrollerBP/Maps/TestMap.umap" SILENT=true AUTOSAVING=false KEEPDIRTY=false
[2017.06.04-16.05.48:447][512]LogSavePackage: Save=90.33ms
[2017.06.04-16.05.48:447][512]LogSavePackage: Moving 'C:/Users/Jeremy/Documents/Unreal Projects/Lewt/Saved/TestMapC905736D4B943E0E233F479E13DAE62C.tmp' to 'C:/Users/Jeremy/Documents/Unreal Projects/Lewt/Content/SideScrollerBP/Maps/TestMap.umap'
[2017.06.04-16.05.48:458][512]LogSavePackage:Display: Finished SavePackage C:/Users/Jeremy/Documents/Unreal Projects/Lewt/Content/SideScrollerBP/Maps/TestMap.umap
[2017.06.04-16.05.48:475][512]LogFileHelpers: Saving map 'TestMap' took 0.383
[2017.06.04-16.05.49:705][651]LogWindowsTextInputMethodSystem:Display: IME system now deactivated.
[2017.06.04-16.05.49:856][652]Cmd: QUIT_EDITOR
[2017.06.04-16.05.49:917][652]LogExit: Preparing to exit.
[2017.06.04-16.05.50:773][652]LogExit: Editor shut down
[2017.06.04-16.05.50:776][652]LogExit: Transaction tracking system shut down
[2017.06.04-16.05.50:851][652]LogObj: Freed 0b from 0 cluster array pools.
[2017.06.04-16.05.50:851][652]LogExit: Object subsystem successfully closed.
[2017.06.04-16.05.50:865][652]LogD3D11RHI: Shutdown
[2017.06.04-16.05.50:865][652]LogD3D11RHI: CleanupD3DDevice
[2017.06.04-16.05.50:943][652]LogD3D11RHI: ~FD3D11DynamicRHI
[2017.06.04-16.05.50:949][652]LogModuleManager: Shutting down and abandoning module BlueprintGraph (532)
[2017.06.04-16.05.50:949][652]LogModuleManager: Shutting down and abandoning module BlueprintProfiler (530)
[2017.06.04-16.05.50:949][652]LogModuleManager: Shutting down and abandoning module MovieSceneCapture (528)
[2017.06.04-16.05.50:949][652]LogModuleManager: Shutting down and abandoning module HierarchicalLODUtilities (526)
[2017.06.04-16.05.50:949][652]LogModuleManager: Shutting down and abandoning module HierarchicalLODOutliner (524)
[2017.06.04-16.05.50:949][652]LogModuleManager: Shutting down and abandoning module CrashTracker (522)
[2017.06.04-16.05.50:949][652]LogModuleManager: Shutting down and abandoning module SceneOutliner (520)
[2017.06.04-16.05.50:949][652]LogModuleManager: Shutting down and abandoning module AddContentDialog (518)
[2017.06.04-16.05.50:949][652]LogDirectoryWatcher: A directory notification for 'E:/Unreal/UE_4.16/FeaturePacks/' was aborted.
[2017.06.04-16.05.50:950][652]LogModuleManager: Shutting down and abandoning module WidgetCarousel (517)
[2017.06.04-16.05.50:950][652]LogModuleManager: Shutting down and abandoning module EditorWidgets (514)
[2017.06.04-16.05.50:950][652]LogModuleManager: Shutting down and abandoning module CollectionManager (512)
[2017.06.04-16.05.50:950][652]LogDirectoryWatcher: A directory notification for 'C:/Users/Jeremy/Documents/Unreal Projects/Lewt/Content/Collections/' was aborted.
[2017.06.04-16.05.50:950][652]LogDirectoryWatcher: A directory notification for 'C:/Users/Jeremy/Documents/Unreal Projects/Lewt/Content/Developers/Jeremy/Collections/' was aborted.
[2017.06.04-16.05.50:950][652]LogDirectoryWatcher: A directory notification for 'C:/Users/Jeremy/Documents/Unreal Projects/Lewt/Saved/Collections/' was aborted.
[2017.06.04-16.05.50:950][652]LogModuleManager: Shutting down and abandoning module StatsViewer (510)
[2017.06.04-16.05.50:950][652]LogModuleManager: Shutting down and abandoning module FoliageEdit (508)
[2017.06.04-16.05.50:950][652]LogModuleManager: Shutting down and abandoning module LandscapeEditor (506)
[2017.06.04-16.05.50:950][652]LogModuleManager: Shutting down and abandoning module MeshPaintMode (504)
[2017.06.04-16.05.50:950][652]LogModuleManager: Shutting down and abandoning module SceneDepthPickerMode (502)
[2017.06.04-16.05.50:950][652]LogModuleManager: Shutting down and abandoning module ActorPickerMode (500)
[2017.06.04-16.05.50:950][652]LogModuleManager: Shutting down and abandoning module GeometryMode (498)
[2017.06.04-16.05.50:950][652]LogModuleManager: Shutting down and abandoning module TextureAlignMode (496)
[2017.06.04-16.05.50:950][652]LogModuleManager: Shutting down and abandoning module BspMode (494)
[2017.06.04-16.05.50:950][652]LogModuleManager: Shutting down and abandoning module HardwareSurvey (492)
[2017.06.04-16.05.50:950][652]LogModuleManager: Shutting down and abandoning module SequenceRecorderSections (490)
[2017.06.04-16.05.50:950][652]LogModuleManager: Shutting down and abandoning module AutomationWorker (488)
[2017.06.04-16.05.50:950][652]LogModuleManager: Shutting down and abandoning module MatineeToLevelSequence (486)
[2017.06.04-16.05.50:950][652]LogModuleManager: Shutting down and abandoning module LevelSequenceEditor (484)
[2017.06.04-16.05.50:950][652]LogModuleManager: Shutting down and abandoning module PlacementMode (483)
[2017.06.04-16.05.50:951][652]LogModuleManager: Shutting down and abandoning module WmfMediaFactory (480)
[2017.06.04-16.05.50:951][652]LogModuleManager: Shutting down and abandoning module WmfMediaEditor (478)
[2017.06.04-16.05.50:951][652]LogModuleManager: Shutting down and abandoning module AvfMediaFactory (476)
[2017.06.04-16.05.50:951][652]LogModuleManager: Shutting down and abandoning module AvfMediaEditor (474)
[2017.06.04-16.05.50:951][652]LogModuleManager: Shutting down and abandoning module AndroidMediaFactory (472)
[2017.06.04-16.05.50:951][652]LogModuleManager: Shutting down and abandoning module Media (471)
[2017.06.04-16.05.50:951][652]LogModuleManager: Shutting down and abandoning module AndroidMediaEditor (468)
[2017.06.04-16.05.50:951][652]LogModuleManager: Shutting down and abandoning module CharacterAI (466)
[2017.06.04-16.05.50:951][652]LogModuleManager: Shutting down and abandoning module AudioCapture (464)
[2017.06.04-16.05.50:951][652]LogModuleManager: Shutting down and abandoning module SequenceRecorder (463)
[2017.06.04-16.05.50:951][652]LogModuleManager: Shutting down and abandoning module SmartSnapping (460)
[2017.06.04-16.05.50:951][652]LogModuleManager: Shutting down and abandoning module SessionServices (458)
[2017.06.04-16.05.50:951][652]LogModuleManager: Shutting down and abandoning module ViewportSnapping (456)
[2017.06.04-16.05.50:951][652]LogModuleManager: Shutting down and abandoning module ViewportInteraction (454)
[2017.06.04-16.05.50:951][652]LogModuleManager: Shutting down and abandoning module ClothPainter (452)
[2017.06.04-16.05.50:951][652]LogModuleManager: Shutting down and abandoning module LogVisualizer (450)
[2017.06.04-16.05.50:951][652]LogModuleManager: Shutting down and abandoning module IntroTutorials (448)
[2017.06.04-16.05.50:951][652]LogModuleManager: Shutting down and abandoning module GameProjectGeneration (447)
[2017.06.04-16.05.50:951][652]LogModuleManager: Shutting down and abandoning module EditorLiveStreaming (444)
[2017.06.04-16.05.50:951][652]LogModuleManager: Shutting down and abandoning module IOSPlatformEditor (442)
[2017.06.04-16.05.50:951][652]LogModuleManager: Shutting down and abandoning module HTML5PlatformEditor (440)
[2017.06.04-16.05.50:951][652]LogModuleManager: Shutting down and abandoning module AndroidPlatformEditor (438)
[2017.06.04-16.05.50:951][652]LogModuleManager: Shutting down and abandoning module AndroidDeviceDetection (437)
[2017.06.04-16.05.51:626][652]LogModuleManager: Shutting down and abandoning module IOSRuntimeSettings (434)
[2017.06.04-16.05.51:626][652]LogModuleManager: Shutting down and abandoning module AndroidRuntimeSettings (432)
[2017.06.04-16.05.51:626][652]LogModuleManager: Shutting down and abandoning module InputBindingEditor (430)
[2017.06.04-16.05.51:626][652]LogModuleManager: Shutting down and abandoning module MergeActors (428)
[2017.06.04-16.05.51:626][652]LogModuleManager: Shutting down and abandoning module SizeMap (426)
[2017.06.04-16.05.51:626][652]LogModuleManager: Shutting down and abandoning module TreeMap (424)
[2017.06.04-16.05.51:626][652]LogModuleManager: Shutting down and abandoning module ReferenceViewer (422)
[2017.06.04-16.05.51:626][652]LogModuleManager: Shutting down and abandoning module LocalizationDashboard (420)
[2017.06.04-16.05.51:626][652]LogModuleManager: Shutting down and abandoning module LocalizationService (419)
[2017.06.04-16.05.51:626][652]LogModuleManager: Shutting down and abandoning module HardwareTargeting (416)
[2017.06.04-16.05.51:626][652]LogModuleManager: Shutting down and abandoning module DeviceProfileEditor (414)
[2017.06.04-16.05.51:626][652]LogModuleManager: Shutting down and abandoning module UndoHistory (412)
[2017.06.04-16.05.51:626][652]LogModuleManager: Shutting down and abandoning module UserFeedback (410)
[2017.06.04-16.05.51:626][652]LogModuleManager: Shutting down and abandoning module XmlParser (408)
[2017.06.04-16.05.51:626][652]LogModuleManager: Shutting down and abandoning module Blutility (406)
[2017.06.04-16.05.51:626][652]LogModuleManager: Shutting down and abandoning module ProjectSettingsViewer (404)
[2017.06.04-16.05.51:626][652]LogModuleManager: Shutting down and abandoning module ProjectTargetPlatformEditor (403)
[2017.06.04-16.05.51:626][652]LogModuleManager: Shutting down and abandoning module EditorSettingsViewer (400)
[2017.06.04-16.05.51:626][652]LogModuleManager: Shutting down and abandoning module SettingsEditor (398)
[2017.06.04-16.05.51:626][652]LogModuleManager: Shutting down and abandoning module ProjectLauncher (396)
[2017.06.04-16.05.51:626][652]LogModuleManager: Shutting down and abandoning module SessionFrontend (394)
[2017.06.04-16.05.51:626][652]LogModuleManager: Shutting down and abandoning module ProfilerClient (392)
[2017.06.04-16.05.51:626][652]LogModuleManager: Shutting down and abandoning module DeviceManager (390)
[2017.06.04-16.05.51:626][652]LogModuleManager: Shutting down and abandoning module TargetDeviceServices (389)
[2017.06.04-16.05.51:677][652]LogModuleManager: Shutting down and abandoning module AutomationController (386)
[2017.06.04-16.05.51:677][652]LogModuleManager: Shutting down and abandoning module AutomationWindow (384)
[2017.06.04-16.05.51:677][652]LogModuleManager: Shutting down and abandoning module Layers (382)
[2017.06.04-16.05.51:677][652]LogModuleManager: Shutting down and abandoning module ComponentVisualizers (380)
[2017.06.04-16.05.51:677][652]LogModuleManager: Shutting down and abandoning module DetailCustomizations (378)
[2017.06.04-16.05.51:677][652]LogModuleManager: Shutting down and abandoning module PackagesDialog (376)
[2017.06.04-16.05.51:677][652]LogModuleManager: Shutting down and abandoning module Persona (374)
[2017.06.04-16.05.51:677][652]LogModuleManager: Shutting down and abandoning module AdvancedPreviewScene (373)
[2017.06.04-16.05.51:677][652]LogModuleManager: Shutting down and abandoning module AnimGraph (371)
[2017.06.04-16.05.51:677][652]LogModuleManager: Shutting down and abandoning module Kismet (368)
[2017.06.04-16.05.51:681][652]LogModuleManager: Shutting down and abandoning module ClassViewer (366)
[2017.06.04-16.05.51:682][652]LogModuleManager: Shutting down and abandoning module Toolbox (364)
[2017.06.04-16.05.51:682][652]LogModuleManager: Shutting down and abandoning module ModuleUI (362)
[2017.06.04-16.05.51:682][652]LogModuleManager: Shutting down and abandoning module MovieSceneTools (360)
[2017.06.04-16.05.51:682][652]LogModuleManager: Shutting down and abandoning module OutputLog (358)
[2017.06.04-16.05.51:682][652]LogModuleManager: Shutting down and abandoning module GammaUI (356)
[2017.06.04-16.05.51:682][652]LogModuleManager: Shutting down and abandoning module Documentation (354)
[2017.06.04-16.05.51:682][652]LogModuleManager: Shutting down and abandoning module MovieSceneTracks (352)
[2017.06.04-16.05.51:682][652]LogModuleManager: Shutting down and abandoning module MovieScene (350)
[2017.06.04-16.05.51:682][652]LogModuleManager: Shutting down and abandoning module Niagara (348)
[2017.06.04-16.05.51:682][652]LogModuleManager: Shutting down and abandoning module NiagaraEditor (347)
[2017.06.04-16.05.51:682][652]LogModuleManager: Shutting down and abandoning module StreamingPauseRendering (344)
[2017.06.04-16.05.51:682][652]LogModuleManager: Shutting down and abandoning module AnalyticsET (342)
[2017.06.04-16.05.51:682][652]LogModuleManager: Shutting down and abandoning module PortalServices (340)
[2017.06.04-16.05.51:682][652]LogModuleManager: Shutting down and abandoning module PortalRpc (338)
[2017.06.04-16.05.51:682][652]LogModuleManager: Shutting down and abandoning module MessagingRpc (336)
[2017.06.04-16.05.51:682][652]LogModuleManager: Shutting down and abandoning module AIModule (334)
[2017.06.04-16.05.51:682][652]LogModuleManager: Shutting down and abandoning module GameplayDebugger (333)
[2017.06.04-16.05.51:683][652]LogModuleManager: Shutting down and abandoning module AITestSuite (331)
[2017.06.04-16.05.51:683][652]LogModuleManager: Shutting down and abandoning module ProfilerService (328)
[2017.06.04-16.05.51:795][652]LogModuleManager: Shutting down and abandoning module TaskGraph (326)
[2017.06.04-16.05.51:795][652]LogModuleManager: Shutting down and abandoning module SteamVRController (324)
[2017.06.04-16.05.51:795][652]LogModuleManager: Shutting down and abandoning module SteamVR (322)
[2017.06.04-16.05.51:795][652]LogModuleManager: Shutting down and abandoning module ProceduralMeshComponentEditor (320)
[2017.06.04-16.05.51:795][652]LogModuleManager: Shutting down and abandoning module ProceduralMeshComponent (318)
[2017.06.04-16.05.51:795][652]LogModuleManager: Shutting down and abandoning module OculusLibrary (316)
[2017.06.04-16.05.51:795][652]LogModuleManager: Shutting down and abandoning module OculusInput (314)
[2017.06.04-16.05.51:795][652]LogModuleManager: Shutting down and abandoning module MobilePatchingUtils (312)
[2017.06.04-16.05.51:795][652]LogModuleManager: Shutting down and abandoning module CustomMeshComponent (310)
[2017.06.04-16.05.51:795][652]LogModuleManager: Shutting down and abandoning module CableComponent (308)
[2017.06.04-16.05.51:795][652]LogModuleManager: Shutting down and abandoning module ArchVisCharacter (306)
[2017.06.04-16.05.51:795][652]LogModuleManager: Shutting down and abandoning module AndroidPermission (304)
[2017.06.04-16.05.51:795][652]LogModuleManager: Shutting down and abandoning module MediaPlayerEditor (300)
[2017.06.04-16.05.51:795][652]LogModuleManager: Shutting down and abandoning module HTML5Networking (298)
[2017.06.04-16.05.51:795][652]LogModuleManager: Shutting down and abandoning module AlembicImporter (296)
[2017.06.04-16.05.51:795][652]LogModuleManager: Shutting down and abandoning module AlembicLibrary (295)
[2017.06.04-16.05.51:795][652]LogModuleManager: Shutting down and abandoning module GeometryCache (294)
[2017.06.04-16.05.51:795][652]LogModuleManager: Shutting down and abandoning module GeometryCacheEd (293)
[2017.06.04-16.05.51:795][652]LogModuleManager: Shutting down and abandoning module SuperSearchEditor (288)
[2017.06.04-16.05.51:796][652]LogModuleManager: Shutting down and abandoning module SuperSearch (287)
[2017.06.04-16.05.51:796][652]LogModuleManager: Shutting down and abandoning module SpeedTreeImporter (284)
[2017.06.04-16.05.51:796][652]LogModuleManager: Shutting down and abandoning module PluginBrowser (282)
[2017.06.04-16.05.51:796][652]LogModuleManager: Shutting down and abandoning module MobileLauncherProfileWizard (280)
[2017.06.04-16.05.51:796][652]LogModuleManager: Shutting down and abandoning module VisualStudioSourceCodeAccess (278)
[2017.06.04-16.05.51:796][652]LogModuleManager: Shutting down and abandoning module DesktopPlatform (277)
[2017.06.04-16.05.51:796][652]LogModuleManager: Shutting down and abandoning module UObjectPlugin (274)
[2017.06.04-16.05.51:796][652]LogModuleManager: Shutting down and abandoning module SubversionSourceControl (272)
[2017.06.04-16.05.51:796][652]LogModuleManager: Shutting down and abandoning module PerforceSourceControl (270)
[2017.06.04-16.05.51:796][652]LogModuleManager: Shutting down and abandoning module GitSourceControl (268)
[2017.06.04-16.05.51:796][652]LogModuleManager: Shutting down and abandoning module SourceControl (267)
[2017.06.04-16.05.51:796][652]LogModuleManager: Shutting down and abandoning module LightPropagationVolumeEditor (264)
[2017.06.04-16.05.51:796][652]LogModuleManager: Shutting down and abandoning module PaperTiledImporter (262)
[2017.06.04-16.05.51:796][652]LogModuleManager: Shutting down and abandoning module PaperSpriteSheetImporter (260)
[2017.06.04-16.05.51:796][652]LogModuleManager: Shutting down and abandoning module Paper2DEditor (258)
[2017.06.04-16.05.51:796][652]LogModuleManager: Shutting down and abandoning module MeshPaint (257)
[2017.06.04-16.05.51:796][652]LogModuleManager: Shutting down and abandoning module LevelEditor (255)
[2017.06.04-16.05.51:796][652]LogModuleManager: Shutting down and abandoning module PixelInspectorModule (254)
[2017.06.04-16.05.51:796][652]LogModuleManager: Shutting down and abandoning module MainFrame (252)
[2017.06.04-16.05.51:797][652]LogModuleManager: Shutting down and abandoning module HotReload (251)
[2017.06.04-16.05.51:797][652]LogModuleManager: Shutting down and abandoning module PhysXVehiclesEditor (246)
[2017.06.04-16.05.51:797][652]LogModuleManager: Shutting down and abandoning module PhysXVehicles (244)
[2017.06.04-16.05.51:797][652]LogModuleManager: Shutting down and abandoning module LocationServicesBPLibrary (242)
[2017.06.04-16.05.51:797][652]LogModuleManager: Shutting down and abandoning module ImmediatePhysicsEditor (240)
[2017.06.04-16.05.51:797][652]LogModuleManager: Shutting down and abandoning module ImmediatePhysics (238)
[2017.06.04-16.05.51:797][652]LogModuleManager: Shutting down and abandoning module UdpMessaging (236)
[2017.06.04-16.05.51:897][652]LogModuleManager: Shutting down and abandoning module TcpMessaging (234)
[2017.06.04-16.05.51:998][652]LogModuleManager: Shutting down and abandoning module GameplayTagsEditor (232)
[2017.06.04-16.05.51:998][652]LogModuleManager: Shutting down and abandoning module FacialAnimationEditor (230)
[2017.06.04-16.05.51:998][652]LogModuleManager: Shutting down and abandoning module FacialAnimation (228)
[2017.06.04-16.05.51:998][652]LogModuleManager: Shutting down and abandoning module AssetManagerEditor (226)
[2017.06.04-16.05.51:998][652]LogModuleManager: Shutting down and abandoning module GraphEditor (225)
[2017.06.04-16.05.51:998][652]LogModuleManager: Shutting down and abandoning module ContentBrowser (223)
[2017.06.04-16.05.51:998][652]LogModuleManager: Shutting down and abandoning module LightPropagationVolumeRuntime (220)
[2017.06.04-16.05.51:998][652]LogModuleManager: Shutting down and abandoning module Paper2D (218)
[2017.06.04-16.05.51:998][652]LogModuleManager: Shutting down and abandoning module WindowsMoviePlayer (216)
[2017.06.04-16.05.51:998][652]LogModuleManager: Shutting down and abandoning module WmfMedia (214)
[2017.06.04-16.05.51:998][652]LogModuleManager: Shutting down and abandoning module ClothingSystemEditor (212)
[2017.06.04-16.05.51:998][652]LogModuleManager: Shutting down and abandoning module ClothingSystemRuntime (210)
[2017.06.04-16.05.51:998][652]LogModuleManager: Shutting down and abandoning module MediaAssets (208)
[2017.06.04-16.05.51:998][652]LogModuleManager: Shutting down and abandoning module GameLiveStreaming (206)
[2017.06.04-16.05.51:998][652]LogModuleManager: Shutting down and abandoning module VREditor (204)
[2017.06.04-16.05.51:998][652]LogModuleManager: Shutting down and abandoning module StringTableEditor (202)
[2017.06.04-16.05.51:999][652]LogModuleManager: Shutting down and abandoning module GameplayTasksEditor (200)
[2017.06.04-16.05.51:999][652]LogModuleManager: Shutting down and abandoning module BehaviorTreeEditor (198)
[2017.06.04-16.05.51:999][652]LogModuleManager: Shutting down and abandoning module FunctionalTesting (196)
[2017.06.04-16.05.51:999][652]LogModuleManager: Shutting down and abandoning module CollisionAnalyzer (194)
[2017.06.04-16.05.51:999][652]LogModuleManager: Shutting down and abandoning module UMG (192)
[2017.06.04-16.05.51:999][652]LogModuleManager: Shutting down and abandoning module UMGEditor (191)
[2017.06.04-16.05.51:999][652]LogModuleManager: Shutting down and abandoning module Sequencer (190)
[2017.06.04-16.05.51:999][652]LogModuleManager: Shutting down and abandoning module AssetTools (188)
[2017.06.04-16.05.51:999][652]LogModuleManager: Shutting down and abandoning module MessageLog (187)
[2017.06.04-16.05.51:999][652]LogModuleManager: Shutting down and abandoning module WorkspaceMenuStructure (186)
[2017.06.04-16.05.51:999][652]LogModuleManager: Shutting down and abandoning module SlateReflector (180)
[2017.06.04-16.05.51:999][652]LogModuleManager: Shutting down and abandoning module Slate (178)
[2017.06.04-16.05.51:999][652]LogModuleManager: Shutting down and abandoning module EditorStyle (176)
[2017.06.04-16.05.52:000][652]LogModuleManager: Shutting down and abandoning module SourceCodeAccess (174)
[2017.06.04-16.05.52:000][652]LogModuleManager: Shutting down and abandoning module HeadMountedDisplay (172)
[2017.06.04-16.05.52:000][652]LogModuleManager: Shutting down and abandoning module XAudio2 (170)
[2017.06.04-16.05.52:000][652]LogModuleManager: Shutting down and abandoning module Networking (168)
[2017.06.04-16.05.52:000][652]LogModuleManager: Shutting down and abandoning module Core (164)
[2017.06.04-16.05.52:000][652]LogModuleManager: Shutting down and abandoning module AssetRegistry (162)
[2017.06.04-16.05.52:186][652]LogDirectoryWatcher: A directory notification for '../../../Engine/Content/' was aborted.
[2017.06.04-16.05.52:186][652]LogDirectoryWatcher: A directory notification for 'C:/Users/Jeremy/Documents/Unreal Projects/Lewt/Content/' was aborted.
[2017.06.04-16.05.52:186][652]LogDirectoryWatcher: A directory notification for '../../../Engine/Plugins/2D/Paper2D/Content/' was aborted.
[2017.06.04-16.05.52:186][652]LogDirectoryWatcher: A directory notification for '../../../Engine/Plugins/Runtime/GearVR/Content/' was aborted.
[2017.06.04-16.05.52:188][652]LogModuleManager: Shutting down and abandoning module DirectoryWatcher (161)
[2017.06.04-16.05.52:188][652]LogModuleManager: Shutting down and abandoning module KismetCompiler (158)
[2017.06.04-16.05.52:188][652]LogModuleManager: Shutting down and abandoning module LevelSequence (156)
[2017.06.04-16.05.52:188][652]LogModuleManager: Shutting down and abandoning module PhysXFormats (154)
[2017.06.04-16.05.52:188][652]LogModuleManager: Shutting down and abandoning module MeshUtilities (152)
[2017.06.04-16.05.52:188][652]LogModuleManager: Shutting down and abandoning module SimplygonSwarm (151)
[2017.06.04-16.05.52:188][652]LogModuleManager: Shutting down and abandoning module SimplygonMeshReduction (149)
[2017.06.04-16.05.52:188][652]LogModuleManager: Shutting down and abandoning module QuadricMeshReduction (147)
[2017.06.04-16.05.52:188][652]LogModuleManager: Shutting down and abandoning module DerivedDataCache (144)
[2017.06.04-16.05.52:206][652]LogDerivedDataCache: Shutdown
[2017.06.04-16.05.52:206][652]LogModuleManager: Shutting down and abandoning module TargetPlatform (142)
[2017.06.04-16.05.52:206][652]LogModuleManager: Shutting down and abandoning module VulkanShaderFormat (141)
[2017.06.04-16.05.52:206][652]LogModuleManager: Shutting down and abandoning module ShaderFormatVectorVM (139)
[2017.06.04-16.05.52:206][652]LogModuleManager: Shutting down and abandoning module ShaderFormatOpenGL (137)
[2017.06.04-16.05.52:206][652]LogModuleManager: Shutting down and abandoning module ShaderFormatD3D (135)
[2017.06.04-16.05.52:206][652]LogModuleManager: Shutting down and abandoning module MetalShaderFormat (133)
[2017.06.04-16.05.52:206][652]LogModuleManager: Shutting down and abandoning module TextureFormatUncompressed (131)
[2017.06.04-16.05.52:206][652]LogModuleManager: Shutting down and abandoning module TextureFormatPVR (129)
[2017.06.04-16.05.52:206][652]LogModuleManager: Shutting down and abandoning module TextureFormatDXT (127)
[2017.06.04-16.05.52:206][652]LogModuleManager: Shutting down and abandoning module TextureFormatIntelISPCTexComp (125)
[2017.06.04-16.05.52:206][652]LogModuleManager: Shutting down and abandoning module TextureFormatASTC (123)
[2017.06.04-16.05.52:206][652]LogModuleManager: Shutting down and abandoning module ImageWrapper (122)
[2017.06.04-16.05.52:206][652]LogModuleManager: Shutting down and abandoning module TextureFormatAndroid (119)
[2017.06.04-16.05.52:206][652]LogModuleManager: Shutting down and abandoning module AudioFormatOpus (117)
[2017.06.04-16.05.52:206][652]LogModuleManager: Shutting down and abandoning module AudioFormatOgg (115)
[2017.06.04-16.05.52:206][652]LogModuleManager: Shutting down and abandoning module AudioFormatADPCM (113)
[2017.06.04-16.05.52:206][652]LogModuleManager: Shutting down and abandoning module LinuxTargetPlatform (111)
[2017.06.04-16.05.52:206][652]LogModuleManager: Shutting down and abandoning module LinuxServerTargetPlatform (109)
[2017.06.04-16.05.52:206][652]LogModuleManager: Shutting down and abandoning module LinuxNoEditorTargetPlatform (107)
[2017.06.04-16.05.52:206][652]LogModuleManager: Shutting down and abandoning module LinuxClientTargetPlatform (105)
[2017.06.04-16.05.52:206][652]LogModuleManager: Shutting down and abandoning module TVOSTargetPlatform (103)
[2017.06.04-16.05.52:206][652]LogModuleManager: Shutting down and abandoning module Messaging (101)
[2017.06.04-16.05.52:206][652]LogModuleManager: Shutting down and abandoning module IOSTargetPlatform (99)
[2017.06.04-16.05.52:206][652]LogModuleManager: Shutting down and abandoning module HTML5TargetPlatform (97)
[2017.06.04-16.05.52:206][652]LogModuleManager: Shutting down and abandoning module Android_PVRTCTargetPlatform (95)
[2017.06.04-16.05.52:206][652]LogModuleManager: Shutting down and abandoning module Android_MultiTargetPlatform (93)
[2017.06.04-16.05.52:206][652]LogModuleManager: Shutting down and abandoning module Android_ETC2TargetPlatform (91)
[2017.06.04-16.05.52:206][652]LogModuleManager: Shutting down and abandoning module Android_ETC1TargetPlatform (89)
[2017.06.04-16.05.52:206][652]LogModuleManager: Shutting down and abandoning module Android_DXTTargetPlatform (87)
[2017.06.04-16.05.52:206][652]LogModuleManager: Shutting down and abandoning module Android_ATCTargetPlatform (85)
[2017.06.04-16.05.52:206][652]LogModuleManager: Shutting down and abandoning module Android_ASTCTargetPlatform (83)
[2017.06.04-16.05.52:206][652]LogModuleManager: Shutting down and abandoning module AndroidTargetPlatform (81)
[2017.06.04-16.05.52:206][652]LogModuleManager: Shutting down and abandoning module WindowsTargetPlatform (79)
[2017.06.04-16.05.52:206][652]LogModuleManager: Shutting down and abandoning module WindowsServerTargetPlatform (77)
[2017.06.04-16.05.52:206][652]LogModuleManager: Shutting down and abandoning module WindowsNoEditorTargetPlatform (75)
[2017.06.04-16.05.52:206][652]LogModuleManager: Shutting down and abandoning module WindowsClientTargetPlatform (73)
[2017.06.04-16.05.52:206][652]LogModuleManager: Shutting down and abandoning module MacTargetPlatform (71)
[2017.06.04-16.05.52:206][652]LogModuleManager: Shutting down and abandoning module MacServerTargetPlatform (69)
[2017.06.04-16.05.52:206][652]LogModuleManager: Shutting down and abandoning module MacNoEditorTargetPlatform (67)
[2017.06.04-16.05.52:206][652]LogModuleManager: Shutting down and abandoning module MacClientTargetPlatform (65)
[2017.06.04-16.05.52:206][652]LogModuleManager: Shutting down and abandoning module AllDesktopTargetPlatform (63)
[2017.06.04-16.05.52:206][652]LogModuleManager: Shutting down and abandoning module InputCore (60)
[2017.06.04-16.05.52:206][652]LogModuleManager: Shutting down and abandoning module Settings (58)
[2017.06.04-16.05.52:206][652]LogModuleManager: Shutting down and abandoning module OculusRift (56)
[2017.06.04-16.05.52:206][652]LogModuleManager: Shutting down and abandoning module GearVRController (54)
[2017.06.04-16.05.52:206][652]LogModuleManager: Shutting down and abandoning module GearVR (52)
[2017.06.04-16.05.52:206][652]LogModuleManager: Shutting down and abandoning module ExampleDeviceProfileSelector (50)
[2017.06.04-16.05.52:206][652]LogModuleManager: Shutting down and abandoning module OnlineBlueprintSupport (48)
[2017.06.04-16.05.52:206][652]LogModuleManager: Shutting down and abandoning module OnlineSubsystem (44)
[2017.06.04-16.05.52:206][652]LogOnline:Display: Unloading online subsystem: NULL
[2017.06.04-16.05.52:206][652]LogModuleManager: Shutting down and abandoning module XMPP (43)
[2017.06.04-16.05.52:206][652]LogModuleManager: Shutting down and abandoning module HTTP (41)
[2017.06.04-16.05.52:206][652]LogHttp:Display: Http module shutting down, but needs to wait on 1 outstanding Http requests:
[2017.06.04-16.05.52:206][652]LogHttp:Display: 	verb=[POST] url=[https://datarouter.ol.epicgames.com/datarouter/api/v1/public/data?SessionID=%7BA5268114-4F9D-CB37-D110-F295D51DF0A0%7D&AppID=UEEditor.Rocket.Release&AppVersion=4.16.1-3466753%2B%2B%2BUE4%2BRelease-4.16&UserID=a1a1652a4f3d8ff27420a8b429a3c7d6%7Cfcf4ab501aa34c04b277d2a85cef2008%7C82c45164-ecf2-42db-9101-b65db2819172&AppEnvironment=datacollector-binary&UploadType=eteventstream] status=Processing
[2017.06.04-16.05.52:212][652]LogModuleManager: Shutting down and abandoning module SSL (40)
[2017.06.04-16.05.52:213][652]LogModuleManager: Shutting down and abandoning module HTTPChunkInstaller (36)
[2017.06.04-16.05.52:213][652]LogModuleManager: Shutting down and abandoning module AnimationModifiers (34)
[2017.06.04-16.05.52:213][652]LogModuleManager: Shutting down and abandoning module PropertyEditor (33)
[2017.06.04-16.05.52:213][652]LogModuleManager: Shutting down and abandoning module AudioEditor (30)
[2017.06.04-16.05.52:213][652]LogModuleManager: Shutting down and abandoning module TextureCompressor (28)
[2017.06.04-16.05.52:213][652]LogModuleManager: Shutting down and abandoning module ShaderCore (26)
[2017.06.04-16.05.52:213][652]LogModuleManager: Shutting down and abandoning module Landscape (24)
[2017.06.04-16.05.52:213][652]LogModuleManager: Shutting down and abandoning module SlateRHIRenderer (22)
[2017.06.04-16.05.52:214][652]LogModuleManager: Shutting down and abandoning module OpenGLDrv (20)
[2017.06.04-16.05.52:214][652]LogModuleManager: Shutting down and abandoning module D3D11RHI (18)
[2017.06.04-16.05.52:214][652]LogModuleManager: Shutting down and abandoning module AnimGraphRuntime (16)
[2017.06.04-16.05.52:214][652]LogModuleManager: Shutting down and abandoning module Renderer (14)
[2017.06.04-16.05.52:214][652]LogModuleManager: Shutting down and abandoning module Engine (12)
[2017.06.04-16.05.52:214][652]LogModuleManager: Shutting down and abandoning module CoreUObject (10)
[2017.06.04-16.05.52:214][652]LogModuleManager: Shutting down and abandoning module NetworkFile (8)
[2017.06.04-16.05.52:214][652]LogModuleManager: Shutting down and abandoning module StreamingFile (6)
[2017.06.04-16.05.52:214][652]LogModuleManager: Shutting down and abandoning module SandboxFile (4)
[2017.06.04-16.05.52:214][652]LogModuleManager: Shutting down and abandoning module PakFile (2)
[2017.06.04-16.05.52:215][652]LogExit: Exiting.
[2017.06.04-16.05.52:224][652]Log file closed, 06/04/17 12:05:52
